17:27:25.687 2023/06/09 [ODBEdit,ERROR] [odb.cxx:1792:db_open_database,ERROR] invalid database size: 276447232 bytes. ODB size limit is 100000000 bytes
17:27:25.687 2023/06/09 [ODBEdit,ERROR] [midas.cxx:2378:cm_connect_experiment1,ERROR] cannot open database, db_open_database() status 309
17:27:29.390 2023/06/09 [ODBEdit,ERROR] [odb.cxx:1792:db_open_database,ERROR] invalid database size: 1316134912 bytes. ODB size limit is 100000000 bytes
17:27:29.391 2023/06/09 [ODBEdit,ERROR] [midas.cxx:2378:cm_connect_experiment1,ERROR] cannot open database, db_open_database() status 309
17:27:31.891 2023/06/09 [ODBEdit,ERROR] [odb.cxx:1792:db_open_database,ERROR] invalid database size: -727379968 bytes. ODB size limit is 100000000 bytes
17:27:31.891 2023/06/09 [ODBEdit,ERROR] [midas.cxx:2378:cm_connect_experiment1,ERROR] cannot open database, db_open_database() status 309
17:27:34.856 2023/06/09 [ODBEdit,ERROR] [odb.cxx:1792:db_open_database,ERROR] invalid database size: 1215752192 bytes. ODB size limit is 100000000 bytes
17:27:34.856 2023/06/09 [ODBEdit,ERROR] [midas.cxx:2378:cm_connect_experiment1,ERROR] cannot open database, db_open_database() status 309
17:27:37.272 2023/06/09 [ODBEdit,ERROR] [odb.cxx:1792:db_open_database,ERROR] invalid database size: 1410065408 bytes. ODB size limit is 100000000 bytes
17:27:37.272 2023/06/09 [ODBEdit,ERROR] [midas.cxx:2378:cm_connect_experiment1,ERROR] cannot open database, db_open_database() status 309
17:27:39.736 2023/06/09 [ODBEdit,ERROR] [odb.cxx:1792:db_open_database,ERROR] invalid database size: 1000000000 bytes. ODB size limit is 100000000 bytes
17:27:39.736 2023/06/09 [ODBEdit,ERROR] [midas.cxx:2378:cm_connect_experiment1,ERROR] cannot open database, db_open_database() status 309
17:27:52.008 2023/06/09 [ODBEdit,ERROR] [odb.cxx:1792:db_open_database,ERROR] invalid database size: 1410065407 bytes. ODB size limit is 100000000 bytes
17:27:52.008 2023/06/09 [ODBEdit,ERROR] [midas.cxx:2378:cm_connect_experiment1,ERROR] cannot open database, db_open_database() status 309
17:27:55.211 2023/06/09 [ODBEdit,ERROR] [odb.cxx:1792:db_open_database,ERROR] invalid database size: 999999999 bytes. ODB size limit is 100000000 bytes
17:27:55.211 2023/06/09 [ODBEdit,ERROR] [midas.cxx:2378:cm_connect_experiment1,ERROR] cannot open database, db_open_database() status 309
17:27:58.085 2023/06/09 [ODBEdit,ERROR] [odb.cxx:3460:db_create_key,ERROR] online database full while creating 'count_write_wait' in '/System/Buffers/SYSMSG/Clients/unknown'
17:27:58.085 2023/06/09 [ODBEdit,ERROR] [odb.cxx:3460:db_create_key,ERROR] online database full while creating 'time_write_wait' in '/System/Buffers/SYSMSG/Clients/unknown'
17:27:58.085 2023/06/09 [ODBEdit,ERROR] [odb.cxx:3460:db_create_key,ERROR] online database full while creating 'max_bytes_write_wait' in '/System/Buffers/SYSMSG/Clients/unknown'
17:27:58.085 2023/06/09 [ODBEdit,ERROR] [odb.cxx:3460:db_create_key,ERROR] online database full while creating 'count_read' in '/System/Buffers/SYSMSG/Clients/unknown'
17:27:58.085 2023/06/09 [ODBEdit,ERROR] [odb.cxx:3460:db_create_key,ERROR] online database full while creating 'bytes_read' in '/System/Buffers/SYSMSG/Clients/unknown'
17:27:58.085 2023/06/09 [ODBEdit,ERROR] [odb.cxx:3460:db_create_key,ERROR] online database full while creating 'get_all_flag' in '/System/Buffers/SYSMSG/Clients/unknown'
17:27:58.085 2023/06/09 [ODBEdit,ERROR] [odb.cxx:3460:db_create_key,ERROR] online database full while creating 'read_pointer' in '/System/Buffers/SYSMSG/Clients/unknown'
17:27:58.085 2023/06/09 [ODBEdit,ERROR] [odb.cxx:3460:db_create_key,ERROR] online database full while creating 'bytes_used' in '/System/Buffers/SYSMSG/Clients/unknown'
17:27:58.085 2023/06/09 [ODBEdit,ERROR] [odb.cxx:3460:db_create_key,ERROR] online database full while creating 'pct_used' in '/System/Buffers/SYSMSG/Clients/unknown'
17:27:58.085 2023/06/09 [ODBEdit,ERROR] [odb.cxx:3460:db_create_key,ERROR] online database full while creating 'last_updated' in '/System/Buffers/SYSMSG/Clients/unknown'
