16:20:39.904 2023/06/05 [ODBEdit,ERROR] [odb.cxx:3416:db_create_key,ERROR] online database full while creating '/Equipment/AMC1310/Settings/TQ04/Rider07/Channel03/Det y-segmt (for array map)' in 'root'
16:20:39.905 2023/06/05 [ODBEdit,ERROR] [odb.cxx:3416:db_create_key,ERROR] online database full while creating '/Equipment/AMC1310/Settings/TQ04/Rider07/Channel03/threshold value' in 'root'
16:20:39.905 2023/06/05 [ODBEdit,ERROR] [odb.cxx:3416:db_create_key,ERROR] online database full while creating '/Equipment/AMC1310/Settings/TQ04/Rider07/Channel03/positive crossing Y(N)' in 'root'
16:20:39.905 2023/06/05 [ODBEdit,ERROR] [odb.cxx:3416:db_create_key,ERROR] online database full while creating '/Equipment/AMC1310/Settings/TQ04/Rider07/Channel04/Chan used (for enabled map)' in 'root'
16:20:39.905 2023/06/05 [ODBEdit,ERROR] [odb.cxx:3416:db_create_key,ERROR] online database full while creating '/Equipment/AMC1310/Settings/TQ04/Rider07/Channel04/Det x-segmt (for array map)' in 'root'
16:20:39.905 2023/06/05 [ODBEdit,ERROR] [odb.cxx:3416:db_create_key,ERROR] online database full while creating '/Equipment/AMC1310/Settings/TQ04/Rider07/Channel04/Det y-segmt (for array map)' in 'root'
16:20:39.905 2023/06/05 [ODBEdit,ERROR] [odb.cxx:3416:db_create_key,ERROR] online database full while creating '/Equipment/AMC1310/Settings/TQ04/Rider07/Channel04/threshold value' in 'root'
16:20:39.905 2023/06/05 [ODBEdit,ERROR] [odb.cxx:3416:db_create_key,ERROR] online database full while creating '/Equipment/AMC1310/Settings/TQ04/Rider07/Channel04/positive crossing Y(N)' in 'root'
16:20:39.905 2023/06/05 [ODBEdit,ERROR] [odb.cxx:3416:db_create_key,ERROR] online database full while creating '/Equipment/AMC1310/Settings/TQ04/Rider08/Channel00/Chan used (for enabled map)' in 'root'
16:20:39.905 2023/06/05 [ODBEdit,ERROR] [odb.cxx:3416:db_create_key,ERROR] online database full while creating '/Equipment/AMC1310/Settings/TQ04/Rider08/Channel00/Det x-segmt (for array map)' in 'root'
16:20:39.905 2023/06/05 [ODBEdit,ERROR] [odb.cxx:3416:db_create_key,ERROR] online database full while creating '/Equipment/AMC1310/Settings/TQ04/Rider08/Channel00/Det y-segmt (for array map)' in 'root'
16:20:39.905 2023/06/05 [ODBEdit,ERROR] [odb.cxx:3416:db_create_key,ERROR] online database full while creating '/Equipment/AMC1310/Settings/TQ04/Rider08/Channel00/threshold value' in 'root'
16:20:39.905 2023/06/05 [ODBEdit,ERROR] [odb.cxx:3416:db_create_key,ERROR] online database full while creating '/Equipment/AMC1310/Settings/TQ04/Rider08/Channel00/positive crossing Y(N)' in 'root'
16:20:39.905 2023/06/05 [ODBEdit,ERROR] [odb.cxx:3416:db_create_key,ERROR] online database full while creating '/Equipment/AMC1310/Settings/TQ04/Rider08/Channel01/Chan used (for enabled map)' in 'root'
16:20:39.905 2023/06/05 [ODBEdit,ERROR] [odb.cxx:3416:db_create_key,ERROR] online database full while creating '/Equipment/AMC1310/Settings/TQ04/Rider08/Channel01/Det x-segmt (for array map)' in 'root'
16:20:39.905 2023/06/05 [ODBEdit,ERROR] [odb.cxx:3416:db_create_key,ERROR] online database full while creating '/Equipment/AMC1310/Settings/TQ04/Rider08/Channel01/Det y-segmt (for array map)' in 'root'
16:20:39.905 2023/06/05 [ODBEdit,ERROR] [odb.cxx:3416:db_create_key,ERROR] online database full while creating '/Equipment/AMC1310/Settings/TQ04/Rider08/Channel01/threshold value' in 'root'
16:20:39.905 2023/06/05 [ODBEdit,ERROR] [odb.cxx:3416:db_create_key,ERROR] online database full while creating '/Equipment/AMC1310/Settings/TQ04/Rider08/Channel01/positive crossing Y(N)' in 'root'
16:20:39.905 2023/06/05 [ODBEdit,ERROR] [odb.cxx:3416:db_create_key,ERROR] online database full while creating '/Equipment/AMC1310/Settings/TQ04/Rider08/Channel02/Chan used (for enabled map)' in 'root'
16:20:39.905 2023/06/05 [ODBEdit,ERROR] [odb.cxx:3416:db_create_key,ERROR] online database full while creating '/Equipment/AMC1310/Settings/TQ04/Rider08/Channel02/Det x-segmt (for array map)' in 'root'
16:20:39.905 2023/06/05 [ODBEdit,ERROR] [odb.cxx:3416:db_create_key,ERROR] online database full while creating '/Equipment/AMC1310/Settings/TQ04/Rider08/Channel02/Det y-segmt (for array map)' in 'root'
16:20:39.905 2023/06/05 [ODBEdit,ERROR] [odb.cxx:3416:db_create_key,ERROR] online database full while creating '/Equipment/AMC1310/Settings/TQ04/Rider08/Channel02/threshold value' in 'root'
16:20:39.905 2023/06/05 [ODBEdit,ERROR] [odb.cxx:3416:db_create_key,ERROR] online database full while creating '/Equipment/AMC1310/Settings/TQ04/Rider08/Channel02/positive crossing Y(N)' in 'root'
16:20:39.905 2023/06/05 [ODBEdit,ERROR] [odb.cxx:3416:db_create_key,ERROR] online database full while creating '/Equipment/AMC1310/Settings/TQ04/Rider08/Channel03/Chan used (for enabled map)' in 'root'
16:20:39.905 2023/06/05 [ODBEdit,ERROR] [odb.cxx:3416:db_create_key,ERROR] online database full while creating '/Equipment/AMC1310/Settings/TQ04/Rider08/Channel03/Det x-segmt (for array map)' in 'root'
16:20:39.905 2023/06/05 [ODBEdit,ERROR] [odb.cxx:3416:db_create_key,ERROR] online database full while creating '/Equipment/AMC1310/Settings/TQ04/Rider08/Channel03/Det y-segmt (for array map)' in 'root'
16:20:39.905 2023/06/05 [ODBEdit,ERROR] [odb.cxx:3416:db_create_key,ERROR] online database full while creating '/Equipment/AMC1310/Settings/TQ04/Rider08/Channel03/threshold value' in 'root'
16:20:39.905 2023/06/05 [ODBEdit,ERROR] [odb.cxx:3416:db_create_key,ERROR] online database full while creating '/Equipment/AMC1310/Settings/TQ04/Rider08/Channel03/positive crossing Y(N)' in 'root'
16:20:39.905 2023/06/05 [ODBEdit,ERROR] [odb.cxx:3416:db_create_key,ERROR] online database full while creating '/Equipment/AMC1310/Settings/TQ04/Rider08/Channel04/Chan used (for enabled map)' in 'root'
16:20:39.905 2023/06/05 [ODBEdit,ERROR] [odb.cxx:3416:db_create_key,ERROR] online database full while creating '/Equipment/AMC1310/Settings/TQ04/Rider08/Channel04/Det x-segmt (for array map)' in 'root'
16:20:39.905 2023/06/05 [ODBEdit,ERROR] [odb.cxx:3416:db_create_key,ERROR] online database full while creating '/Equipment/AMC1310/Settings/TQ04/Rider08/Channel04/Det y-segmt (for array map)' in 'root'
16:20:39.905 2023/06/05 [ODBEdit,ERROR] [odb.cxx:3416:db_create_key,ERROR] online database full while creating '/Equipment/AMC1310/Settings/TQ04/Rider08/Channel04/threshold value' in 'root'
16:20:39.905 2023/06/05 [ODBEdit,ERROR] [odb.cxx:3416:db_create_key,ERROR] online database full while creating '/Equipment/AMC1310/Settings/TQ04/Rider08/Channel04/positive crossing Y(N)' in 'root'
16:20:39.905 2023/06/05 [ODBEdit,ERROR] [odb.cxx:3416:db_create_key,ERROR] online database full while creating '/Equipment/AMC1310/Settings/TQ04/Rider09/Channel00/Chan used (for enabled map)' in 'root'
16:20:39.905 2023/06/05 [ODBEdit,ERROR] [odb.cxx:3416:db_create_key,ERROR] online database full while creating '/Equipment/AMC1310/Settings/TQ04/Rider09/Channel00/Det x-segmt (for array map)' in 'root'
16:20:39.905 2023/06/05 [ODBEdit,ERROR] [odb.cxx:3416:db_create_key,ERROR] online database full while creating '/Equipment/AMC1310/Settings/TQ04/Rider09/Channel00/Det y-segmt (for array map)' in 'root'
16:20:39.905 2023/06/05 [ODBEdit,ERROR] [odb.cxx:3416:db_create_key,ERROR] online database full while creating '/Equipment/AMC1310/Settings/TQ04/Rider09/Channel00/threshold value' in 'root'
16:20:39.905 2023/06/05 [ODBEdit,ERROR] [odb.cxx:3416:db_create_key,ERROR] online database full while creating '/Equipment/AMC1310/Settings/TQ04/Rider09/Channel00/positive crossing Y(N)' in 'root'
16:20:39.905 2023/06/05 [ODBEdit,ERROR] [odb.cxx:3416:db_create_key,ERROR] online database full while creating '/Equipment/AMC1310/Settings/TQ04/Rider09/Channel01/Chan used (for enabled map)' in 'root'
16:20:39.905 2023/06/05 [ODBEdit,ERROR] [odb.cxx:3416:db_create_key,ERROR] online database full while creating '/Equipment/AMC1310/Settings/TQ04/Rider09/Channel01/Det x-segmt (for array map)' in 'root'
16:20:39.905 2023/06/05 [ODBEdit,ERROR] [odb.cxx:3416:db_create_key,ERROR] online database full while creating '/Equipment/AMC1310/Settings/TQ04/Rider09/Channel01/Det y-segmt (for array map)' in 'root'
16:20:39.906 2023/06/05 [ODBEdit,ERROR] [odb.cxx:3416:db_create_key,ERROR] online database full while creating '/Equipment/AMC1310/Settings/TQ04/Rider09/Channel01/threshold value' in 'root'
16:20:39.906 2023/06/05 [ODBEdit,ERROR] [odb.cxx:3416:db_create_key,ERROR] online database full while creating '/Equipment/AMC1310/Settings/TQ04/Rider09/Channel01/positive crossing Y(N)' in 'root'
16:20:39.906 2023/06/05 [ODBEdit,ERROR] [odb.cxx:3416:db_create_key,ERROR] online database full while creating '/Equipment/AMC1310/Settings/TQ04/Rider09/Channel02/Chan used (for enabled map)' in 'root'
16:20:39.906 2023/06/05 [ODBEdit,ERROR] [odb.cxx:3416:db_create_key,ERROR] online database full while creating '/Equipment/AMC1310/Settings/TQ04/Rider09/Channel02/Det x-segmt (for array map)' in 'root'
16:20:39.906 2023/06/05 [ODBEdit,ERROR] [odb.cxx:3416:db_create_key,ERROR] online database full while creating '/Equipment/AMC1310/Settings/TQ04/Rider09/Channel02/Det y-segmt (for array map)' in 'root'
16:20:39.906 2023/06/05 [ODBEdit,ERROR] [odb.cxx:3416:db_create_key,ERROR] online database full while creating '/Equipment/AMC1310/Settings/TQ04/Rider09/Channel02/threshold value' in 'root'
16:20:39.906 2023/06/05 [ODBEdit,ERROR] [odb.cxx:3416:db_create_key,ERROR] online database full while creating '/Equipment/AMC1310/Settings/TQ04/Rider09/Channel02/positive crossing Y(N)' in 'root'
16:20:39.906 2023/06/05 [ODBEdit,ERROR] [odb.cxx:3416:db_create_key,ERROR] online database full while creating '/Equipment/AMC1310/Settings/TQ04/Rider09/Channel03/Chan used (for enabled map)' in 'root'
16:20:39.906 2023/06/05 [ODBEdit,ERROR] [odb.cxx:3416:db_create_key,ERROR] online database full while creating '/Equipment/AMC1310/Settings/TQ04/Rider09/Channel03/Det x-segmt (for array map)' in 'root'
16:20:39.906 2023/06/05 [ODBEdit,ERROR] [odb.cxx:3416:db_create_key,ERROR] online database full while creating '/Equipment/AMC1310/Settings/TQ04/Rider09/Channel03/Det y-segmt (for array map)' in 'root'
16:20:39.906 2023/06/05 [ODBEdit,ERROR] [odb.cxx:3416:db_create_key,ERROR] online database full while creating '/Equipment/AMC1310/Settings/TQ04/Rider09/Channel03/threshold value' in 'root'
16:20:39.906 2023/06/05 [ODBEdit,ERROR] [odb.cxx:3416:db_create_key,ERROR] online database full while creating '/Equipment/AMC1310/Settings/TQ04/Rider09/Channel03/positive crossing Y(N)' in 'root'
16:20:39.906 2023/06/05 [ODBEdit,ERROR] [odb.cxx:3416:db_create_key,ERROR] online database full while creating '/Equipment/AMC1310/Settings/TQ04/Rider09/Channel04/Chan used (for enabled map)' in 'root'
16:20:39.906 2023/06/05 [ODBEdit,ERROR] [odb.cxx:3416:db_create_key,ERROR] online database full while creating '/Equipment/AMC1310/Settings/TQ04/Rider09/Channel04/Det x-segmt (for array map)' in 'root'
16:20:39.906 2023/06/05 [ODBEdit,ERROR] [odb.cxx:3416:db_create_key,ERROR] online database full while creating '/Equipment/AMC1310/Settings/TQ04/Rider09/Channel04/Det y-segmt (for array map)' in 'root'
16:20:39.906 2023/06/05 [ODBEdit,ERROR] [odb.cxx:3416:db_create_key,ERROR] online database full while creating '/Equipment/AMC1310/Settings/TQ04/Rider09/Channel04/threshold value' in 'root'
16:20:39.906 2023/06/05 [ODBEdit,ERROR] [odb.cxx:3416:db_create_key,ERROR] online database full while creating '/Equipment/AMC1310/Settings/TQ04/Rider09/Channel04/positive crossing Y(N)' in 'root'
16:20:39.906 2023/06/05 [ODBEdit,ERROR] [odb.cxx:3416:db_create_key,ERROR] online database full while creating '/Equipment/AMC1310/Settings/TQ04/Rider10/Channel00/Chan used (for enabled map)' in 'root'
16:20:39.906 2023/06/05 [ODBEdit,ERROR] [odb.cxx:3416:db_create_key,ERROR] online database full while creating '/Equipment/AMC1310/Settings/TQ04/Rider10/Channel00/Det x-segmt (for array map)' in 'root'
16:20:39.906 2023/06/05 [ODBEdit,ERROR] [odb.cxx:3416:db_create_key,ERROR] online database full while creating '/Equipment/AMC1310/Settings/TQ04/Rider10/Channel00/Det y-segmt (for array map)' in 'root'
16:20:39.906 2023/06/05 [ODBEdit,ERROR] [odb.cxx:3416:db_create_key,ERROR] online database full while creating '/Equipment/AMC1310/Settings/TQ04/Rider10/Channel00/threshold value' in 'root'
16:20:39.906 2023/06/05 [ODBEdit,ERROR] [odb.cxx:3416:db_create_key,ERROR] online database full while creating '/Equipment/AMC1310/Settings/TQ04/Rider10/Channel00/positive crossing Y(N)' in 'root'
16:20:39.906 2023/06/05 [ODBEdit,ERROR] [odb.cxx:3416:db_create_key,ERROR] online database full while creating '/Equipment/AMC1310/Settings/TQ04/Rider10/Channel01/Chan used (for enabled map)' in 'root'
16:20:39.906 2023/06/05 [ODBEdit,ERROR] [odb.cxx:3416:db_create_key,ERROR] online database full while creating '/Equipment/AMC1310/Settings/TQ04/Rider10/Channel01/Det x-segmt (for array map)' in 'root'
16:20:39.906 2023/06/05 [ODBEdit,ERROR] [odb.cxx:3416:db_create_key,ERROR] online database full while creating '/Equipment/AMC1310/Settings/TQ04/Rider10/Channel01/Det y-segmt (for array map)' in 'root'
16:20:39.906 2023/06/05 [ODBEdit,ERROR] [odb.cxx:3416:db_create_key,ERROR] online database full while creating '/Equipment/AMC1310/Settings/TQ04/Rider10/Channel01/threshold value' in 'root'
16:20:39.906 2023/06/05 [ODBEdit,ERROR] [odb.cxx:3416:db_create_key,ERROR] online database full while creating '/Equipment/AMC1310/Settings/TQ04/Rider10/Channel01/positive crossing Y(N)' in 'root'
16:20:39.906 2023/06/05 [ODBEdit,ERROR] [odb.cxx:3416:db_create_key,ERROR] online database full while creating '/Equipment/AMC1310/Settings/TQ04/Rider10/Channel02/Chan used (for enabled map)' in 'root'
16:20:39.906 2023/06/05 [ODBEdit,ERROR] [odb.cxx:3416:db_create_key,ERROR] online database full while creating '/Equipment/AMC1310/Settings/TQ04/Rider10/Channel02/Det x-segmt (for array map)' in 'root'
16:20:39.906 2023/06/05 [ODBEdit,ERROR] [odb.cxx:3416:db_create_key,ERROR] online database full while creating '/Equipment/AMC1310/Settings/TQ04/Rider10/Channel02/Det y-segmt (for array map)' in 'root'
16:20:39.906 2023/06/05 [ODBEdit,ERROR] [odb.cxx:3416:db_create_key,ERROR] online database full while creating '/Equipment/AMC1310/Settings/TQ04/Rider10/Channel02/threshold value' in 'root'
16:20:39.906 2023/06/05 [ODBEdit,ERROR] [odb.cxx:3416:db_create_key,ERROR] online database full while creating '/Equipment/AMC1310/Settings/TQ04/Rider10/Channel02/positive crossing Y(N)' in 'root'
16:20:39.906 2023/06/05 [ODBEdit,ERROR] [odb.cxx:3416:db_create_key,ERROR] online database full while creating '/Equipment/AMC1310/Settings/TQ04/Rider10/Channel03/Chan used (for enabled map)' in 'root'
16:20:39.906 2023/06/05 [ODBEdit,ERROR] [odb.cxx:3416:db_create_key,ERROR] online database full while creating '/Equipment/AMC1310/Settings/TQ04/Rider10/Channel03/Det x-segmt (for array map)' in 'root'
16:20:39.906 2023/06/05 [ODBEdit,ERROR] [odb.cxx:3416:db_create_key,ERROR] online database full while creating '/Equipment/AMC1310/Settings/TQ04/Rider10/Channel03/Det y-segmt (for array map)' in 'root'
16:20:39.906 2023/06/05 [ODBEdit,ERROR] [odb.cxx:3416:db_create_key,ERROR] online database full while creating '/Equipment/AMC1310/Settings/TQ04/Rider10/Channel03/threshold value' in 'root'
16:20:39.906 2023/06/05 [ODBEdit,ERROR] [odb.cxx:3416:db_create_key,ERROR] online database full while creating '/Equipment/AMC1310/Settings/TQ04/Rider10/Channel03/positive crossing Y(N)' in 'root'
16:20:39.906 2023/06/05 [ODBEdit,ERROR] [odb.cxx:3416:db_create_key,ERROR] online database full while creating '/Equipment/AMC1310/Settings/TQ04/Rider10/Channel04/Chan used (for enabled map)' in 'root'
16:20:39.906 2023/06/05 [ODBEdit,ERROR] [odb.cxx:3416:db_create_key,ERROR] online database full while creating '/Equipment/AMC1310/Settings/TQ04/Rider10/Channel04/Det x-segmt (for array map)' in 'root'
16:20:39.906 2023/06/05 [ODBEdit,ERROR] [odb.cxx:3416:db_create_key,ERROR] online database full while creating '/Equipment/AMC1310/Settings/TQ04/Rider10/Channel04/Det y-segmt (for array map)' in 'root'
16:20:39.906 2023/06/05 [ODBEdit,ERROR] [odb.cxx:3416:db_create_key,ERROR] online database full while creating '/Equipment/AMC1310/Settings/TQ04/Rider10/Channel04/threshold value' in 'root'
16:20:39.906 2023/06/05 [ODBEdit,ERROR] [odb.cxx:3416:db_create_key,ERROR] online database full while creating '/Equipment/AMC1310/Settings/TQ04/Rider10/Channel04/positive crossing Y(N)' in 'root'
16:20:39.906 2023/06/05 [ODBEdit,ERROR] [odb.cxx:3416:db_create_key,ERROR] online database full while creating '/Equipment/AMC1310/Settings/TQ04/Rider11/Channel00/Chan used (for enabled map)' in 'root'
16:20:39.907 2023/06/05 [ODBEdit,ERROR] [odb.cxx:3416:db_create_key,ERROR] online database full while creating '/Equipment/AMC1310/Settings/TQ04/Rider11/Channel00/Det x-segmt (for array map)' in 'root'
16:20:39.907 2023/06/05 [ODBEdit,ERROR] [odb.cxx:3416:db_create_key,ERROR] online database full while creating '/Equipment/AMC1310/Settings/TQ04/Rider11/Channel00/Det y-segmt (for array map)' in 'root'
16:20:39.907 2023/06/05 [ODBEdit,ERROR] [odb.cxx:3416:db_create_key,ERROR] online database full while creating '/Equipment/AMC1310/Settings/TQ04/Rider11/Channel00/threshold value' in 'root'
16:20:39.907 2023/06/05 [ODBEdit,ERROR] [odb.cxx:3416:db_create_key,ERROR] online database full while creating '/Equipment/AMC1310/Settings/TQ04/Rider11/Channel00/positive crossing Y(N)' in 'root'
16:20:39.907 2023/06/05 [ODBEdit,ERROR] [odb.cxx:3416:db_create_key,ERROR] online database full while creating '/Equipment/AMC1310/Settings/TQ04/Rider11/Channel01/Chan used (for enabled map)' in 'root'
16:20:39.907 2023/06/05 [ODBEdit,ERROR] [odb.cxx:3416:db_create_key,ERROR] online database full while creating '/Equipment/AMC1310/Settings/TQ04/Rider11/Channel01/Det x-segmt (for array map)' in 'root'
16:20:39.907 2023/06/05 [ODBEdit,ERROR] [odb.cxx:3416:db_create_key,ERROR] online database full while creating '/Equipment/AMC1310/Settings/TQ04/Rider11/Channel01/Det y-segmt (for array map)' in 'root'
16:20:39.907 2023/06/05 [ODBEdit,ERROR] [odb.cxx:3416:db_create_key,ERROR] online database full while creating '/Equipment/AMC1310/Settings/TQ04/Rider11/Channel01/threshold value' in 'root'
16:20:39.907 2023/06/05 [ODBEdit,ERROR] [odb.cxx:3416:db_create_key,ERROR] online database full while creating '/Equipment/AMC1310/Settings/TQ04/Rider11/Channel01/positive crossing Y(N)' in 'root'
16:20:39.907 2023/06/05 [ODBEdit,ERROR] [odb.cxx:3416:db_create_key,ERROR] online database full while creating '/Equipment/AMC1310/Settings/TQ04/Rider11/Channel02/Chan used (for enabled map)' in 'root'
16:20:39.907 2023/06/05 [ODBEdit,ERROR] [odb.cxx:3416:db_create_key,ERROR] online database full while creating '/Equipment/AMC1310/Settings/TQ04/Rider11/Channel02/Det x-segmt (for array map)' in 'root'
16:20:39.907 2023/06/05 [ODBEdit,ERROR] [odb.cxx:3416:db_create_key,ERROR] online database full while creating '/Equipment/AMC1310/Settings/TQ04/Rider11/Channel02/Det y-segmt (for array map)' in 'root'
16:20:39.907 2023/06/05 [ODBEdit,ERROR] [odb.cxx:3416:db_create_key,ERROR] online database full while creating '/Equipment/AMC1310/Settings/TQ04/Rider11/Channel02/threshold value' in 'root'
16:20:39.907 2023/06/05 [ODBEdit,ERROR] [odb.cxx:3416:db_create_key,ERROR] online database full while creating '/Equipment/AMC1310/Settings/TQ04/Rider11/Channel02/positive crossing Y(N)' in 'root'
16:20:39.907 2023/06/05 [ODBEdit,ERROR] [odb.cxx:3416:db_create_key,ERROR] online database full while creating '/Equipment/AMC1310/Settings/TQ04/Rider11/Channel03/Chan used (for enabled map)' in 'root'
16:20:39.907 2023/06/05 [ODBEdit,ERROR] [odb.cxx:3416:db_create_key,ERROR] online database full while creating '/Equipment/AMC1310/Settings/TQ04/Rider11/Channel03/Det x-segmt (for array map)' in 'root'
16:22:43.679 2023/06/05 [ODBEdit,ERROR] [odb.cxx:3416:db_create_key,ERROR] online database full while creating '/Equipment/AMC1310/Settings/Rider02/Channel03/Frontend Configuration Enabled' in 'root'
16:22:43.679 2023/06/05 [ODBEdit,ERROR] [odb.cxx:3416:db_create_key,ERROR] online database full while creating '/Equipment/AMC1310/Settings/Rider02/Channel03/FPGA Firmware Version Required' in 'root'
16:22:43.679 2023/06/05 [ODBEdit,ERROR] [odb.cxx:3416:db_create_key,ERROR] online database full while creating '/Equipment/AMC1310/Settings/Rider02/Channel03/Input Signal Offset' in 'root'
16:22:43.679 2023/06/05 [ODBEdit,ERROR] [odb.cxx:3416:db_create_key,ERROR] online database full while creating '/Equipment/AMC1310/Settings/Rider02/Channel03/Input Type' in 'root'
16:22:43.679 2023/06/05 [ODBEdit,ERROR] [odb.cxx:3416:db_create_key,ERROR] online database full while creating '/Equipment/AMC1310/Settings/Rider02/Channel04/Enabled' in 'root'
16:22:43.679 2023/06/05 [ODBEdit,ERROR] [odb.cxx:3416:db_create_key,ERROR] online database full while creating '/Equipment/AMC1310/Settings/Rider02/Channel04/Frontend Configuration Enabled' in 'root'
16:22:43.679 2023/06/05 [ODBEdit,ERROR] [odb.cxx:3416:db_create_key,ERROR] online database full while creating '/Equipment/AMC1310/Settings/Rider02/Channel04/FPGA Firmware Version Required' in 'root'
16:22:43.679 2023/06/05 [ODBEdit,ERROR] [odb.cxx:3416:db_create_key,ERROR] online database full while creating '/Equipment/AMC1310/Settings/Rider02/Channel04/Input Signal Offset' in 'root'
16:22:43.679 2023/06/05 [ODBEdit,ERROR] [odb.cxx:3416:db_create_key,ERROR] online database full while creating '/Equipment/AMC1310/Settings/Rider02/Channel04/Input Type' in 'root'
16:22:43.679 2023/06/05 [ODBEdit,ERROR] [odb.cxx:3416:db_create_key,ERROR] online database full while creating '/Equipment/AMC1310/Settings/Rider03/Board/Enabled' in 'root'
16:22:43.679 2023/06/05 [ODBEdit,ERROR] [odb.cxx:3416:db_create_key,ERROR] online database full while creating '/Equipment/AMC1310/Settings/Rider03/Board/Frontend Configuration Enabled' in 'root'
16:22:43.679 2023/06/05 [ODBEdit,ERROR] [odb.cxx:3416:db_create_key,ERROR] online database full while creating '/Equipment/AMC1310/Settings/Rider03/Board/Address Table Location' in 'root'
16:22:43.679 2023/06/05 [ODBEdit,ERROR] [odb.cxx:3416:db_create_key,ERROR] online database full while creating '/Equipment/AMC1310/Settings/Rider03/Board/FPGA Firmware Version Required' in 'root'
16:22:43.679 2023/06/05 [ODBEdit,ERROR] [odb.cxx:3416:db_create_key,ERROR] online database full while creating '/Equipment/AMC1310/Settings/Rider03/Board/Digitization Frequency (MHz)' in 'root'
16:22:43.679 2023/06/05 [ODBEdit,ERROR] [odb.cxx:3416:db_create_key,ERROR] online database full while creating '/Equipment/AMC1310/Settings/Rider03/Board/Front Panel Clock Enabled' in 'root'
16:22:43.680 2023/06/05 [ODBEdit,ERROR] [odb.cxx:3416:db_create_key,ERROR] online database full while creating '/Equipment/AMC1310/Settings/Rider03/Board/Front Panel Clock Frequency' in 'root'
16:22:43.680 2023/06/05 [ODBEdit,ERROR] [odb.cxx:3416:db_create_key,ERROR] online database full while creating '/Equipment/AMC1310/Settings/Rider03/Board/ADC Data Endianness' in 'root'
16:22:43.680 2023/06/05 [ODBEdit,ERROR] [odb.cxx:3416:db_create_key,ERROR] online database full while creating '/Equipment/AMC1310/Settings/Rider03/Board/Trigger Delay (ns)' in 'root'
16:22:43.680 2023/06/05 [ODBEdit,ERROR] [odb.cxx:3416:db_create_key,ERROR] online database full while creating '/Equipment/AMC1310/Settings/Rider03/Board/Async Mode: Enabled' in 'root'
16:22:43.680 2023/06/05 [ODBEdit,ERROR] [odb.cxx:3416:db_create_key,ERROR] online database full while creating '/Equipment/AMC1310/Settings/Rider03/Board/Async Mode: Waveform Length' in 'root'
16:22:43.680 2023/06/05 [ODBEdit,ERROR] [odb.cxx:3416:db_create_key,ERROR] online database full while creating '/Equipment/AMC1310/Settings/Rider03/Board/Async Mode: Waveform Presamples' in 'root'
16:22:43.680 2023/06/05 [ODBEdit,ERROR] [odb.cxx:3416:db_create_key,ERROR] online database full while creating '/Equipment/AMC1310/Settings/Rider03/Board/Trigger Type 1: Enabled' in 'root'
16:22:43.680 2023/06/05 [ODBEdit,ERROR] [odb.cxx:3416:db_create_key,ERROR] online database full while creating '/Equipment/AMC1310/Settings/Rider03/Board/Trigger Type 1: Waveform Count' in 'root'
16:22:43.680 2023/06/05 [ODBEdit,ERROR] [odb.cxx:3416:db_create_key,ERROR] online database full while creating '/Equipment/AMC1310/Settings/Rider03/Board/Trigger Type 1: Waveform Length' in 'root'
16:22:43.680 2023/06/05 [ODBEdit,ERROR] [odb.cxx:3416:db_create_key,ERROR] online database full while creating '/Equipment/AMC1310/Settings/Rider03/Board/Trigger Type 1: Waveform Gap' in 'root'
16:22:43.680 2023/06/05 [ODBEdit,ERROR] [odb.cxx:3416:db_create_key,ERROR] online database full while creating '/Equipment/AMC1310/Settings/Rider03/Board/Trigger Type 2: Enabled' in 'root'
16:22:43.680 2023/06/05 [ODBEdit,ERROR] [odb.cxx:3416:db_create_key,ERROR] online database full while creating '/Equipment/AMC1310/Settings/Rider03/Board/Trigger Type 2: Waveform Count' in 'root'
16:22:43.680 2023/06/05 [ODBEdit,ERROR] [odb.cxx:3416:db_create_key,ERROR] online database full while creating '/Equipment/AMC1310/Settings/Rider03/Board/Trigger Type 2: Waveform Length' in 'root'
16:22:43.680 2023/06/05 [ODBEdit,ERROR] [odb.cxx:3416:db_create_key,ERROR] online database full while creating '/Equipment/AMC1310/Settings/Rider03/Board/Trigger Type 2: Waveform Gap' in 'root'
16:22:43.680 2023/06/05 [ODBEdit,ERROR] [odb.cxx:3416:db_create_key,ERROR] online database full while creating '/Equipment/AMC1310/Settings/Rider03/Board/Trigger Type 3: Enabled' in 'root'
16:22:43.680 2023/06/05 [ODBEdit,ERROR] [odb.cxx:3416:db_create_key,ERROR] online database full while creating '/Equipment/AMC1310/Settings/Rider03/Board/Trigger Type 3: Waveform Count' in 'root'
16:22:43.680 2023/06/05 [ODBEdit,ERROR] [odb.cxx:3416:db_create_key,ERROR] online database full while creating '/Equipment/AMC1310/Settings/Rider03/Board/Trigger Type 3: Waveform Length' in 'root'
16:22:43.680 2023/06/05 [ODBEdit,ERROR] [odb.cxx:3416:db_create_key,ERROR] online database full while creating '/Equipment/AMC1310/Settings/Rider03/Board/Trigger Type 3: Waveform Gap' in 'root'
16:22:43.680 2023/06/05 [ODBEdit,ERROR] [odb.cxx:3416:db_create_key,ERROR] online database full while creating '/Equipment/AMC1310/Settings/Rider03/Board/Error Threshold: Corrupt Data' in 'root'
16:22:43.680 2023/06/05 [ODBEdit,ERROR] [odb.cxx:3416:db_create_key,ERROR] online database full while creating '/Equipment/AMC1310/Settings/Rider03/Board/Error Threshold: Unknown TTC' in 'root'
16:22:43.680 2023/06/05 [ODBEdit,ERROR] [odb.cxx:3416:db_create_key,ERROR] online database full while creating '/Equipment/AMC1310/Settings/Rider03/Board/Error Threshold: DDR3 Overflow' in 'root'
16:22:43.680 2023/06/05 [ODBEdit,ERROR] [odb.cxx:3416:db_create_key,ERROR] online database full while creating '/Equipment/AMC1310/Settings/Rider03/Channel00/Enabled' in 'root'
16:22:43.680 2023/06/05 [ODBEdit,ERROR] [odb.cxx:3416:db_create_key,ERROR] online database full while creating '/Equipment/AMC1310/Settings/Rider03/Channel00/Frontend Configuration Enabled' in 'root'
16:22:43.680 2023/06/05 [ODBEdit,ERROR] [odb.cxx:3416:db_create_key,ERROR] online database full while creating '/Equipment/AMC1310/Settings/Rider03/Channel00/FPGA Firmware Version Required' in 'root'
16:22:43.680 2023/06/05 [ODBEdit,ERROR] [odb.cxx:3416:db_create_key,ERROR] online database full while creating '/Equipment/AMC1310/Settings/Rider03/Channel00/Input Signal Offset' in 'root'
16:22:43.680 2023/06/05 [ODBEdit,ERROR] [odb.cxx:3416:db_create_key,ERROR] online database full while creating '/Equipment/AMC1310/Settings/Rider03/Channel00/Input Type' in 'root'
16:22:43.680 2023/06/05 [ODBEdit,ERROR] [odb.cxx:3416:db_create_key,ERROR] online database full while creating '/Equipment/AMC1310/Settings/Rider03/Channel01/Enabled' in 'root'
16:22:43.680 2023/06/05 [ODBEdit,ERROR] [odb.cxx:3416:db_create_key,ERROR] online database full while creating '/Equipment/AMC1310/Settings/Rider03/Channel01/Frontend Configuration Enabled' in 'root'
16:22:43.680 2023/06/05 [ODBEdit,ERROR] [odb.cxx:3416:db_create_key,ERROR] online database full while creating '/Equipment/AMC1310/Settings/Rider03/Channel01/FPGA Firmware Version Required' in 'root'
16:22:43.680 2023/06/05 [ODBEdit,ERROR] [odb.cxx:3416:db_create_key,ERROR] online database full while creating '/Equipment/AMC1310/Settings/Rider03/Channel01/Input Signal Offset' in 'root'
16:22:43.680 2023/06/05 [ODBEdit,ERROR] [odb.cxx:3416:db_create_key,ERROR] online database full while creating '/Equipment/AMC1310/Settings/Rider03/Channel01/Input Type' in 'root'
16:22:43.680 2023/06/05 [ODBEdit,ERROR] [odb.cxx:3416:db_create_key,ERROR] online database full while creating '/Equipment/AMC1310/Settings/Rider03/Channel02/Enabled' in 'root'
16:22:43.680 2023/06/05 [ODBEdit,ERROR] [odb.cxx:3416:db_create_key,ERROR] online database full while creating '/Equipment/AMC1310/Settings/Rider03/Channel02/Frontend Configuration Enabled' in 'root'
16:22:43.680 2023/06/05 [ODBEdit,ERROR] [odb.cxx:3416:db_create_key,ERROR] online database full while creating '/Equipment/AMC1310/Settings/Rider03/Channel02/FPGA Firmware Version Required' in 'root'
16:22:43.680 2023/06/05 [ODBEdit,ERROR] [odb.cxx:3416:db_create_key,ERROR] online database full while creating '/Equipment/AMC1310/Settings/Rider03/Channel02/Input Signal Offset' in 'root'
16:22:43.680 2023/06/05 [ODBEdit,ERROR] [odb.cxx:3416:db_create_key,ERROR] online database full while creating '/Equipment/AMC1310/Settings/Rider03/Channel02/Input Type' in 'root'
16:22:43.680 2023/06/05 [ODBEdit,ERROR] [odb.cxx:3416:db_create_key,ERROR] online database full while creating '/Equipment/AMC1310/Settings/Rider03/Channel03/Enabled' in 'root'
16:22:43.680 2023/06/05 [ODBEdit,ERROR] [odb.cxx:3416:db_create_key,ERROR] online database full while creating '/Equipment/AMC1310/Settings/Rider03/Channel03/Frontend Configuration Enabled' in 'root'
16:22:43.680 2023/06/05 [ODBEdit,ERROR] [odb.cxx:3416:db_create_key,ERROR] online database full while creating '/Equipment/AMC1310/Settings/Rider03/Channel03/FPGA Firmware Version Required' in 'root'
16:22:43.680 2023/06/05 [ODBEdit,ERROR] [odb.cxx:3416:db_create_key,ERROR] online database full while creating '/Equipment/AMC1310/Settings/Rider03/Channel03/Input Signal Offset' in 'root'
16:22:43.680 2023/06/05 [ODBEdit,ERROR] [odb.cxx:3416:db_create_key,ERROR] online database full while creating '/Equipment/AMC1310/Settings/Rider03/Channel03/Input Type' in 'root'
16:22:43.680 2023/06/05 [ODBEdit,ERROR] [odb.cxx:3416:db_create_key,ERROR] online database full while creating '/Equipment/AMC1310/Settings/Rider03/Channel04/Enabled' in 'root'
16:22:43.680 2023/06/05 [ODBEdit,ERROR] [odb.cxx:3416:db_create_key,ERROR] online database full while creating '/Equipment/AMC1310/Settings/Rider03/Channel04/Frontend Configuration Enabled' in 'root'
16:22:43.680 2023/06/05 [ODBEdit,ERROR] [odb.cxx:3416:db_create_key,ERROR] online database full while creating '/Equipment/AMC1310/Settings/Rider03/Channel04/FPGA Firmware Version Required' in 'root'
16:22:43.680 2023/06/05 [ODBEdit,ERROR] [odb.cxx:3416:db_create_key,ERROR] online database full while creating '/Equipment/AMC1310/Settings/Rider03/Channel04/Input Signal Offset' in 'root'
16:22:43.680 2023/06/05 [ODBEdit,ERROR] [odb.cxx:3416:db_create_key,ERROR] online database full while creating '/Equipment/AMC1310/Settings/Rider03/Channel04/Input Type' in 'root'
16:22:43.680 2023/06/05 [ODBEdit,ERROR] [odb.cxx:3416:db_create_key,ERROR] online database full while creating '/Equipment/AMC1310/Settings/Rider04/Board/Enabled' in 'root'
16:22:43.680 2023/06/05 [ODBEdit,ERROR] [odb.cxx:3416:db_create_key,ERROR] online database full while creating '/Equipment/AMC1310/Settings/Rider04/Board/Frontend Configuration Enabled' in 'root'
16:22:43.680 2023/06/05 [ODBEdit,ERROR] [odb.cxx:3416:db_create_key,ERROR] online database full while creating '/Equipment/AMC1310/Settings/Rider04/Board/Address Table Location' in 'root'
16:22:43.680 2023/06/05 [ODBEdit,ERROR] [odb.cxx:3416:db_create_key,ERROR] online database full while creating '/Equipment/AMC1310/Settings/Rider04/Board/FPGA Firmware Version Required' in 'root'
16:22:43.680 2023/06/05 [ODBEdit,ERROR] [odb.cxx:3416:db_create_key,ERROR] online database full while creating '/Equipment/AMC1310/Settings/Rider04/Board/Digitization Frequency (MHz)' in 'root'
16:22:43.680 2023/06/05 [ODBEdit,ERROR] [odb.cxx:3416:db_create_key,ERROR] online database full while creating '/Equipment/AMC1310/Settings/Rider04/Board/Front Panel Clock Enabled' in 'root'
16:22:43.680 2023/06/05 [ODBEdit,ERROR] [odb.cxx:3416:db_create_key,ERROR] online database full while creating '/Equipment/AMC1310/Settings/Rider04/Board/Front Panel Clock Frequency' in 'root'
16:22:43.680 2023/06/05 [ODBEdit,ERROR] [odb.cxx:3416:db_create_key,ERROR] online database full while creating '/Equipment/AMC1310/Settings/Rider04/Board/ADC Data Endianness' in 'root'
16:22:43.680 2023/06/05 [ODBEdit,ERROR] [odb.cxx:3416:db_create_key,ERROR] online database full while creating '/Equipment/AMC1310/Settings/Rider04/Board/Trigger Delay (ns)' in 'root'
16:22:43.680 2023/06/05 [ODBEdit,ERROR] [odb.cxx:3416:db_create_key,ERROR] online database full while creating '/Equipment/AMC1310/Settings/Rider04/Board/Async Mode: Enabled' in 'root'
16:22:43.680 2023/06/05 [ODBEdit,ERROR] [odb.cxx:3416:db_create_key,ERROR] online database full while creating '/Equipment/AMC1310/Settings/Rider04/Board/Async Mode: Waveform Length' in 'root'
16:22:43.680 2023/06/05 [ODBEdit,ERROR] [odb.cxx:3416:db_create_key,ERROR] online database full while creating '/Equipment/AMC1310/Settings/Rider04/Board/Async Mode: Waveform Presamples' in 'root'
16:22:43.680 2023/06/05 [ODBEdit,ERROR] [odb.cxx:3416:db_create_key,ERROR] online database full while creating '/Equipment/AMC1310/Settings/Rider04/Board/Trigger Type 1: Enabled' in 'root'
16:22:43.680 2023/06/05 [ODBEdit,ERROR] [odb.cxx:3416:db_create_key,ERROR] online database full while creating '/Equipment/AMC1310/Settings/Rider04/Board/Trigger Type 1: Waveform Count' in 'root'
16:22:43.681 2023/06/05 [ODBEdit,ERROR] [odb.cxx:3416:db_create_key,ERROR] online database full while creating '/Equipment/AMC1310/Settings/Rider04/Board/Trigger Type 1: Waveform Length' in 'root'
16:22:43.681 2023/06/05 [ODBEdit,ERROR] [odb.cxx:3416:db_create_key,ERROR] online database full while creating '/Equipment/AMC1310/Settings/Rider04/Board/Trigger Type 1: Waveform Gap' in 'root'
16:22:43.681 2023/06/05 [ODBEdit,ERROR] [odb.cxx:3416:db_create_key,ERROR] online database full while creating '/Equipment/AMC1310/Settings/Rider04/Board/Trigger Type 2: Enabled' in 'root'
16:22:43.681 2023/06/05 [ODBEdit,ERROR] [odb.cxx:3416:db_create_key,ERROR] online database full while creating '/Equipment/AMC1310/Settings/Rider04/Board/Trigger Type 2: Waveform Count' in 'root'
16:22:43.681 2023/06/05 [ODBEdit,ERROR] [odb.cxx:3416:db_create_key,ERROR] online database full while creating '/Equipment/AMC1310/Settings/Rider04/Board/Trigger Type 2: Waveform Length' in 'root'
16:22:43.681 2023/06/05 [ODBEdit,ERROR] [odb.cxx:3416:db_create_key,ERROR] online database full while creating '/Equipment/AMC1310/Settings/Rider04/Board/Trigger Type 2: Waveform Gap' in 'root'
16:22:43.681 2023/06/05 [ODBEdit,ERROR] [odb.cxx:3416:db_create_key,ERROR] online database full while creating '/Equipment/AMC1310/Settings/Rider04/Board/Trigger Type 3: Enabled' in 'root'
16:22:43.681 2023/06/05 [ODBEdit,ERROR] [odb.cxx:3416:db_create_key,ERROR] online database full while creating '/Equipment/AMC1310/Settings/Rider04/Board/Trigger Type 3: Waveform Count' in 'root'
16:22:43.681 2023/06/05 [ODBEdit,ERROR] [odb.cxx:3416:db_create_key,ERROR] online database full while creating '/Equipment/AMC1310/Settings/Rider04/Board/Trigger Type 3: Waveform Length' in 'root'
16:22:43.681 2023/06/05 [ODBEdit,ERROR] [odb.cxx:3416:db_create_key,ERROR] online database full while creating '/Equipment/AMC1310/Settings/Rider04/Board/Trigger Type 3: Waveform Gap' in 'root'
16:22:43.681 2023/06/05 [ODBEdit,ERROR] [odb.cxx:3416:db_create_key,ERROR] online database full while creating '/Equipment/AMC1310/Settings/Rider04/Board/Error Threshold: Corrupt Data' in 'root'
16:22:43.681 2023/06/05 [ODBEdit,ERROR] [odb.cxx:3416:db_create_key,ERROR] online database full while creating '/Equipment/AMC1310/Settings/Rider04/Board/Error Threshold: Unknown TTC' in 'root'
16:22:43.681 2023/06/05 [ODBEdit,ERROR] [odb.cxx:3416:db_create_key,ERROR] online database full while creating '/Equipment/AMC1310/Settings/Rider04/Board/Error Threshold: DDR3 Overflow' in 'root'
16:22:43.681 2023/06/05 [ODBEdit,ERROR] [odb.cxx:3416:db_create_key,ERROR] online database full while creating '/Equipment/AMC1310/Settings/Rider04/Channel00/Enabled' in 'root'
16:22:43.681 2023/06/05 [ODBEdit,ERROR] [odb.cxx:3416:db_create_key,ERROR] online database full while creating '/Equipment/AMC1310/Settings/Rider04/Channel00/Frontend Configuration Enabled' in 'root'
16:22:43.681 2023/06/05 [ODBEdit,ERROR] [odb.cxx:3416:db_create_key,ERROR] online database full while creating '/Equipment/AMC1310/Settings/Rider04/Channel00/FPGA Firmware Version Required' in 'root'
16:22:43.681 2023/06/05 [ODBEdit,ERROR] [odb.cxx:3416:db_create_key,ERROR] online database full while creating '/Equipment/AMC1310/Settings/Rider04/Channel00/Input Signal Offset' in 'root'
16:22:43.681 2023/06/05 [ODBEdit,ERROR] [odb.cxx:3416:db_create_key,ERROR] online database full while creating '/Equipment/AMC1310/Settings/Rider04/Channel00/Input Type' in 'root'
16:22:43.681 2023/06/05 [ODBEdit,ERROR] [odb.cxx:3416:db_create_key,ERROR] online database full while creating '/Equipment/AMC1310/Settings/Rider04/Channel01/Enabled' in 'root'
16:22:43.681 2023/06/05 [ODBEdit,ERROR] [odb.cxx:3416:db_create_key,ERROR] online database full while creating '/Equipment/AMC1310/Settings/Rider04/Channel01/Frontend Configuration Enabled' in 'root'
16:22:43.681 2023/06/05 [ODBEdit,ERROR] [odb.cxx:3416:db_create_key,ERROR] online database full while creating '/Equipment/AMC1310/Settings/Rider04/Channel01/FPGA Firmware Version Required' in 'root'
16:22:43.681 2023/06/05 [ODBEdit,ERROR] [odb.cxx:3416:db_create_key,ERROR] online database full while creating '/Equipment/AMC1310/Settings/Rider04/Channel01/Input Signal Offset' in 'root'
16:22:43.681 2023/06/05 [ODBEdit,ERROR] [odb.cxx:3416:db_create_key,ERROR] online database full while creating '/Equipment/AMC1310/Settings/Rider04/Channel01/Input Type' in 'root'
16:22:43.681 2023/06/05 [ODBEdit,ERROR] [odb.cxx:3416:db_create_key,ERROR] online database full while creating '/Equipment/AMC1310/Settings/Rider04/Channel02/Enabled' in 'root'
16:22:43.681 2023/06/05 [ODBEdit,ERROR] [odb.cxx:3416:db_create_key,ERROR] online database full while creating '/Equipment/AMC1310/Settings/Rider04/Channel02/Frontend Configuration Enabled' in 'root'
16:30:41.193 2023/06/05 [ODBEdit,ERROR] [odb.cxx:3416:db_create_key,ERROR] online database full while creating '/Equipment/AMC1300/Settings/FC7-05/Left Trigger Output/Trigger Type 14: Delay (ns)' in 'root'
16:30:41.193 2023/06/05 [ODBEdit,ERROR] [odb.cxx:3416:db_create_key,ERROR] online database full while creating '/Equipment/AMC1300/Settings/FC7-05/Left Trigger Output/Trigger Type 15: Width' in 'root'
16:30:41.193 2023/06/05 [ODBEdit,ERROR] [odb.cxx:3416:db_create_key,ERROR] online database full while creating '/Equipment/AMC1300/Settings/FC7-05/Left Trigger Output/Trigger Type 15: Delay (ns)' in 'root'
16:30:41.193 2023/06/05 [ODBEdit,ERROR] [odb.cxx:3416:db_create_key,ERROR] online database full while creating '/Equipment/AMC1300/Settings/FC7-05/Left Trigger Output/Trigger Type 16: Width' in 'root'
16:30:41.194 2023/06/05 [ODBEdit,ERROR] [odb.cxx:3416:db_create_key,ERROR] online database full while creating '/Equipment/AMC1300/Settings/FC7-05/Left Trigger Output/Trigger Type 16: Delay (ns)' in 'root'
16:30:41.194 2023/06/05 [ODBEdit,ERROR] [odb.cxx:3416:db_create_key,ERROR] online database full while creating '/Equipment/AMC1300/Settings/FC7-05/Left Trigger Output/Trigger Type 17: Width' in 'root'
16:30:41.194 2023/06/05 [ODBEdit,ERROR] [odb.cxx:3416:db_create_key,ERROR] online database full while creating '/Equipment/AMC1300/Settings/FC7-05/Left Trigger Output/Trigger Type 17: Delay (ns)' in 'root'
16:30:41.194 2023/06/05 [ODBEdit,ERROR] [odb.cxx:3416:db_create_key,ERROR] online database full while creating '/Equipment/AMC1300/Settings/FC7-05/Left Trigger Output/Trigger Type 18: Width' in 'root'
16:30:41.194 2023/06/05 [ODBEdit,ERROR] [odb.cxx:3416:db_create_key,ERROR] online database full while creating '/Equipment/AMC1300/Settings/FC7-05/Left Trigger Output/Trigger Type 18: Delay (ns)' in 'root'
16:30:41.194 2023/06/05 [ODBEdit,ERROR] [odb.cxx:3416:db_create_key,ERROR] online database full while creating '/Equipment/AMC1300/Settings/FC7-05/Left Trigger Output/Trigger Type 19: Width' in 'root'
16:30:41.194 2023/06/05 [ODBEdit,ERROR] [odb.cxx:3416:db_create_key,ERROR] online database full while creating '/Equipment/AMC1300/Settings/FC7-05/Left Trigger Output/Trigger Type 19: Delay (ns)' in 'root'
16:30:41.194 2023/06/05 [ODBEdit,ERROR] [odb.cxx:3416:db_create_key,ERROR] online database full while creating '/Equipment/AMC1300/Settings/FC7-05/Left Trigger Output/Trigger Type 20: Width' in 'root'
16:30:41.194 2023/06/05 [ODBEdit,ERROR] [odb.cxx:3416:db_create_key,ERROR] online database full while creating '/Equipment/AMC1300/Settings/FC7-05/Left Trigger Output/Trigger Type 20: Delay (ns)' in 'root'
16:30:41.194 2023/06/05 [ODBEdit,ERROR] [odb.cxx:3416:db_create_key,ERROR] online database full while creating '/Equipment/AMC1300/Settings/FC7-05/Left Trigger Output/Trigger Type 21: Width' in 'root'
16:30:41.194 2023/06/05 [ODBEdit,ERROR] [odb.cxx:3416:db_create_key,ERROR] online database full while creating '/Equipment/AMC1300/Settings/FC7-05/Left Trigger Output/Trigger Type 21: Delay (ns)' in 'root'
16:30:41.194 2023/06/05 [ODBEdit,ERROR] [odb.cxx:3416:db_create_key,ERROR] online database full while creating '/Equipment/AMC1300/Settings/FC7-05/Left Trigger Output/Trigger Type 22: Width' in 'root'
16:30:41.194 2023/06/05 [ODBEdit,ERROR] [odb.cxx:3416:db_create_key,ERROR] online database full while creating '/Equipment/AMC1300/Settings/FC7-05/Left Trigger Output/Trigger Type 22: Delay (ns)' in 'root'
16:30:41.194 2023/06/05 [ODBEdit,ERROR] [odb.cxx:3416:db_create_key,ERROR] online database full while creating '/Equipment/AMC1300/Settings/FC7-05/Left Trigger Output/Trigger Type 23: Width' in 'root'
16:30:41.194 2023/06/05 [ODBEdit,ERROR] [odb.cxx:3416:db_create_key,ERROR] online database full while creating '/Equipment/AMC1300/Settings/FC7-05/Left Trigger Output/Trigger Type 23: Delay (ns)' in 'root'
16:30:41.194 2023/06/05 [ODBEdit,ERROR] [odb.cxx:3416:db_create_key,ERROR] online database full while creating '/Equipment/AMC1300/Settings/FC7-05/Left Trigger Output/Trigger Type 24: Width' in 'root'
16:30:41.194 2023/06/05 [ODBEdit,ERROR] [odb.cxx:3416:db_create_key,ERROR] online database full while creating '/Equipment/AMC1300/Settings/FC7-05/Left Trigger Output/Trigger Type 24: Delay (ns)' in 'root'
16:30:41.194 2023/06/05 [ODBEdit,ERROR] [odb.cxx:3416:db_create_key,ERROR] online database full while creating '/Equipment/AMC1300/Settings/FC7-05/Left Trigger Output/Trigger Type 25: Width' in 'root'
16:30:41.194 2023/06/05 [ODBEdit,ERROR] [odb.cxx:3416:db_create_key,ERROR] online database full while creating '/Equipment/AMC1300/Settings/FC7-05/Left Trigger Output/Trigger Type 25: Delay (ns)' in 'root'
16:30:41.194 2023/06/05 [ODBEdit,ERROR] [odb.cxx:3416:db_create_key,ERROR] online database full while creating '/Equipment/AMC1300/Settings/FC7-05/Left Trigger Output/Trigger Type 26: Width' in 'root'
16:30:41.194 2023/06/05 [ODBEdit,ERROR] [odb.cxx:3416:db_create_key,ERROR] online database full while creating '/Equipment/AMC1300/Settings/FC7-05/Left Trigger Output/Trigger Type 26: Delay (ns)' in 'root'
16:30:41.194 2023/06/05 [ODBEdit,ERROR] [odb.cxx:3416:db_create_key,ERROR] online database full while creating '/Equipment/AMC1300/Settings/FC7-05/Left Trigger Output/Trigger Type 27: Width' in 'root'
16:30:41.194 2023/06/05 [ODBEdit,ERROR] [odb.cxx:3416:db_create_key,ERROR] online database full while creating '/Equipment/AMC1300/Settings/FC7-05/Left Trigger Output/Trigger Type 27: Delay (ns)' in 'root'
16:30:41.194 2023/06/05 [ODBEdit,ERROR] [odb.cxx:3416:db_create_key,ERROR] online database full while creating '/Equipment/AMC1300/Settings/FC7-05/Left Trigger Output/Trigger Type 28: Width' in 'root'
16:30:41.194 2023/06/05 [ODBEdit,ERROR] [odb.cxx:3416:db_create_key,ERROR] online database full while creating '/Equipment/AMC1300/Settings/FC7-05/Left Trigger Output/Trigger Type 28: Delay (ns)' in 'root'
16:30:41.194 2023/06/05 [ODBEdit,ERROR] [odb.cxx:3416:db_create_key,ERROR] online database full while creating '/Equipment/AMC1300/Settings/FC7-05/Left Trigger Output/Trigger Type 29: Width' in 'root'
16:30:41.194 2023/06/05 [ODBEdit,ERROR] [odb.cxx:3416:db_create_key,ERROR] online database full while creating '/Equipment/AMC1300/Settings/FC7-05/Left Trigger Output/Trigger Type 29: Delay (ns)' in 'root'
16:30:41.194 2023/06/05 [ODBEdit,ERROR] [odb.cxx:3416:db_create_key,ERROR] online database full while creating '/Equipment/AMC1300/Settings/FC7-05/Left Trigger Output/Trigger Type 30: Width' in 'root'
16:30:41.194 2023/06/05 [ODBEdit,ERROR] [odb.cxx:3416:db_create_key,ERROR] online database full while creating '/Equipment/AMC1300/Settings/FC7-05/Left Trigger Output/Trigger Type 30: Delay (ns)' in 'root'
16:30:41.194 2023/06/05 [ODBEdit,ERROR] [odb.cxx:3416:db_create_key,ERROR] online database full while creating '/Equipment/AMC1300/Settings/FC7-05/Left Trigger Output/Trigger Type 31: Width' in 'root'
16:30:41.194 2023/06/05 [ODBEdit,ERROR] [odb.cxx:3416:db_create_key,ERROR] online database full while creating '/Equipment/AMC1300/Settings/FC7-05/Left Trigger Output/Trigger Type 31: Delay (ns)' in 'root'
16:30:41.194 2023/06/05 [ODBEdit,ERROR] [odb.cxx:3416:db_create_key,ERROR] online database full while creating '/Equipment/AMC1300/Settings/FC7-05/Right Trigger Output/Pulse Width: Short (ns)' in 'root'
16:30:41.194 2023/06/05 [ODBEdit,ERROR] [odb.cxx:3416:db_create_key,ERROR] online database full while creating '/Equipment/AMC1300/Settings/FC7-05/Right Trigger Output/Pulse Width: Long (ns)' in 'root'
16:30:41.194 2023/06/05 [ODBEdit,ERROR] [odb.cxx:3416:db_create_key,ERROR] online database full while creating '/Equipment/AMC1300/Settings/FC7-05/Right Trigger Output/Trigger Type 00: Width' in 'root'
16:30:41.194 2023/06/05 [ODBEdit,ERROR] [odb.cxx:3416:db_create_key,ERROR] online database full while creating '/Equipment/AMC1300/Settings/FC7-05/Right Trigger Output/Trigger Type 00: Delay (ns)' in 'root'
16:30:41.194 2023/06/05 [ODBEdit,ERROR] [odb.cxx:3416:db_create_key,ERROR] online database full while creating '/Equipment/AMC1300/Settings/FC7-05/Right Trigger Output/Trigger Type 01: Width' in 'root'
16:30:41.194 2023/06/05 [ODBEdit,ERROR] [odb.cxx:3416:db_create_key,ERROR] online database full while creating '/Equipment/AMC1300/Settings/FC7-05/Right Trigger Output/Trigger Type 01: Delay (ns)' in 'root'
16:30:41.194 2023/06/05 [ODBEdit,ERROR] [odb.cxx:3416:db_create_key,ERROR] online database full while creating '/Equipment/AMC1300/Settings/FC7-05/Right Trigger Output/Trigger Type 02: Width' in 'root'
16:30:41.194 2023/06/05 [ODBEdit,ERROR] [odb.cxx:3416:db_create_key,ERROR] online database full while creating '/Equipment/AMC1300/Settings/FC7-05/Right Trigger Output/Trigger Type 02: Delay (ns)' in 'root'
16:30:41.194 2023/06/05 [ODBEdit,ERROR] [odb.cxx:3416:db_create_key,ERROR] online database full while creating '/Equipment/AMC1300/Settings/FC7-05/Right Trigger Output/Trigger Type 03: Width' in 'root'
16:30:41.194 2023/06/05 [ODBEdit,ERROR] [odb.cxx:3416:db_create_key,ERROR] online database full while creating '/Equipment/AMC1300/Settings/FC7-05/Right Trigger Output/Trigger Type 03: Delay (ns)' in 'root'
16:30:41.194 2023/06/05 [ODBEdit,ERROR] [odb.cxx:3416:db_create_key,ERROR] online database full while creating '/Equipment/AMC1300/Settings/FC7-05/Right Trigger Output/Trigger Type 04: Width' in 'root'
16:30:41.194 2023/06/05 [ODBEdit,ERROR] [odb.cxx:3416:db_create_key,ERROR] online database full while creating '/Equipment/AMC1300/Settings/FC7-05/Right Trigger Output/Trigger Type 04: Delay (ns)' in 'root'
16:30:41.194 2023/06/05 [ODBEdit,ERROR] [odb.cxx:3416:db_create_key,ERROR] online database full while creating '/Equipment/AMC1300/Settings/FC7-05/Right Trigger Output/Trigger Type 05: Width' in 'root'
16:30:41.194 2023/06/05 [ODBEdit,ERROR] [odb.cxx:3416:db_create_key,ERROR] online database full while creating '/Equipment/AMC1300/Settings/FC7-05/Right Trigger Output/Trigger Type 05: Delay (ns)' in 'root'
16:30:41.194 2023/06/05 [ODBEdit,ERROR] [odb.cxx:3416:db_create_key,ERROR] online database full while creating '/Equipment/AMC1300/Settings/FC7-05/Right Trigger Output/Trigger Type 06: Width' in 'root'
16:30:41.194 2023/06/05 [ODBEdit,ERROR] [odb.cxx:3416:db_create_key,ERROR] online database full while creating '/Equipment/AMC1300/Settings/FC7-05/Right Trigger Output/Trigger Type 06: Delay (ns)' in 'root'
16:30:41.194 2023/06/05 [ODBEdit,ERROR] [odb.cxx:3416:db_create_key,ERROR] online database full while creating '/Equipment/AMC1300/Settings/FC7-05/Right Trigger Output/Trigger Type 07: Width' in 'root'
16:30:41.194 2023/06/05 [ODBEdit,ERROR] [odb.cxx:3416:db_create_key,ERROR] online database full while creating '/Equipment/AMC1300/Settings/FC7-05/Right Trigger Output/Trigger Type 07: Delay (ns)' in 'root'
16:30:41.194 2023/06/05 [ODBEdit,ERROR] [odb.cxx:3416:db_create_key,ERROR] online database full while creating '/Equipment/AMC1300/Settings/FC7-05/Right Trigger Output/Trigger Type 08: Width' in 'root'
16:30:41.194 2023/06/05 [ODBEdit,ERROR] [odb.cxx:3416:db_create_key,ERROR] online database full while creating '/Equipment/AMC1300/Settings/FC7-05/Right Trigger Output/Trigger Type 08: Delay (ns)' in 'root'
16:30:41.194 2023/06/05 [ODBEdit,ERROR] [odb.cxx:3416:db_create_key,ERROR] online database full while creating '/Equipment/AMC1300/Settings/FC7-05/Right Trigger Output/Trigger Type 09: Width' in 'root'
16:30:41.194 2023/06/05 [ODBEdit,ERROR] [odb.cxx:3416:db_create_key,ERROR] online database full while creating '/Equipment/AMC1300/Settings/FC7-05/Right Trigger Output/Trigger Type 09: Delay (ns)' in 'root'
16:30:41.194 2023/06/05 [ODBEdit,ERROR] [odb.cxx:3416:db_create_key,ERROR] online database full while creating '/Equipment/AMC1300/Settings/FC7-05/Right Trigger Output/Trigger Type 10: Width' in 'root'
16:30:41.194 2023/06/05 [ODBEdit,ERROR] [odb.cxx:3416:db_create_key,ERROR] online database full while creating '/Equipment/AMC1300/Settings/FC7-05/Right Trigger Output/Trigger Type 10: Delay (ns)' in 'root'
16:30:41.194 2023/06/05 [ODBEdit,ERROR] [odb.cxx:3416:db_create_key,ERROR] online database full while creating '/Equipment/AMC1300/Settings/FC7-05/Right Trigger Output/Trigger Type 11: Width' in 'root'
16:30:41.194 2023/06/05 [ODBEdit,ERROR] [odb.cxx:3416:db_create_key,ERROR] online database full while creating '/Equipment/AMC1300/Settings/FC7-05/Right Trigger Output/Trigger Type 11: Delay (ns)' in 'root'
16:30:41.194 2023/06/05 [ODBEdit,ERROR] [odb.cxx:3416:db_create_key,ERROR] online database full while creating '/Equipment/AMC1300/Settings/FC7-05/Right Trigger Output/Trigger Type 12: Width' in 'root'
16:30:41.195 2023/06/05 [ODBEdit,ERROR] [odb.cxx:3416:db_create_key,ERROR] online database full while creating '/Equipment/AMC1300/Settings/FC7-05/Right Trigger Output/Trigger Type 12: Delay (ns)' in 'root'
16:30:41.195 2023/06/05 [ODBEdit,ERROR] [odb.cxx:3416:db_create_key,ERROR] online database full while creating '/Equipment/AMC1300/Settings/FC7-05/Right Trigger Output/Trigger Type 13: Width' in 'root'
16:30:41.195 2023/06/05 [ODBEdit,ERROR] [odb.cxx:3416:db_create_key,ERROR] online database full while creating '/Equipment/AMC1300/Settings/FC7-05/Right Trigger Output/Trigger Type 13: Delay (ns)' in 'root'
16:30:41.195 2023/06/05 [ODBEdit,ERROR] [odb.cxx:3416:db_create_key,ERROR] online database full while creating '/Equipment/AMC1300/Settings/FC7-05/Right Trigger Output/Trigger Type 14: Width' in 'root'
16:30:41.195 2023/06/05 [ODBEdit,ERROR] [odb.cxx:3416:db_create_key,ERROR] online database full while creating '/Equipment/AMC1300/Settings/FC7-05/Right Trigger Output/Trigger Type 14: Delay (ns)' in 'root'
16:30:41.195 2023/06/05 [ODBEdit,ERROR] [odb.cxx:3416:db_create_key,ERROR] online database full while creating '/Equipment/AMC1300/Settings/FC7-05/Right Trigger Output/Trigger Type 15: Width' in 'root'
16:30:41.195 2023/06/05 [ODBEdit,ERROR] [odb.cxx:3416:db_create_key,ERROR] online database full while creating '/Equipment/AMC1300/Settings/FC7-05/Right Trigger Output/Trigger Type 15: Delay (ns)' in 'root'
16:30:41.195 2023/06/05 [ODBEdit,ERROR] [odb.cxx:3416:db_create_key,ERROR] online database full while creating '/Equipment/AMC1300/Settings/FC7-05/Right Trigger Output/Trigger Type 16: Width' in 'root'
16:30:41.195 2023/06/05 [ODBEdit,ERROR] [odb.cxx:3416:db_create_key,ERROR] online database full while creating '/Equipment/AMC1300/Settings/FC7-05/Right Trigger Output/Trigger Type 16: Delay (ns)' in 'root'
16:30:41.195 2023/06/05 [ODBEdit,ERROR] [odb.cxx:3416:db_create_key,ERROR] online database full while creating '/Equipment/AMC1300/Settings/FC7-05/Right Trigger Output/Trigger Type 17: Width' in 'root'
16:30:41.195 2023/06/05 [ODBEdit,ERROR] [odb.cxx:3416:db_create_key,ERROR] online database full while creating '/Equipment/AMC1300/Settings/FC7-05/Right Trigger Output/Trigger Type 17: Delay (ns)' in 'root'
16:30:41.195 2023/06/05 [ODBEdit,ERROR] [odb.cxx:3416:db_create_key,ERROR] online database full while creating '/Equipment/AMC1300/Settings/FC7-05/Right Trigger Output/Trigger Type 18: Width' in 'root'
16:30:41.195 2023/06/05 [ODBEdit,ERROR] [odb.cxx:3416:db_create_key,ERROR] online database full while creating '/Equipment/AMC1300/Settings/FC7-05/Right Trigger Output/Trigger Type 18: Delay (ns)' in 'root'
16:30:41.195 2023/06/05 [ODBEdit,ERROR] [odb.cxx:3416:db_create_key,ERROR] online database full while creating '/Equipment/AMC1300/Settings/FC7-05/Right Trigger Output/Trigger Type 19: Width' in 'root'
16:30:41.195 2023/06/05 [ODBEdit,ERROR] [odb.cxx:3416:db_create_key,ERROR] online database full while creating '/Equipment/AMC1300/Settings/FC7-05/Right Trigger Output/Trigger Type 19: Delay (ns)' in 'root'
16:30:41.195 2023/06/05 [ODBEdit,ERROR] [odb.cxx:3416:db_create_key,ERROR] online database full while creating '/Equipment/AMC1300/Settings/FC7-05/Right Trigger Output/Trigger Type 20: Width' in 'root'
16:30:41.195 2023/06/05 [ODBEdit,ERROR] [odb.cxx:3416:db_create_key,ERROR] online database full while creating '/Equipment/AMC1300/Settings/FC7-05/Right Trigger Output/Trigger Type 20: Delay (ns)' in 'root'
16:30:41.195 2023/06/05 [ODBEdit,ERROR] [odb.cxx:3416:db_create_key,ERROR] online database full while creating '/Equipment/AMC1300/Settings/FC7-05/Right Trigger Output/Trigger Type 21: Width' in 'root'
16:30:41.195 2023/06/05 [ODBEdit,ERROR] [odb.cxx:3416:db_create_key,ERROR] online database full while creating '/Equipment/AMC1300/Settings/FC7-05/Right Trigger Output/Trigger Type 21: Delay (ns)' in 'root'
16:30:41.195 2023/06/05 [ODBEdit,ERROR] [odb.cxx:3416:db_create_key,ERROR] online database full while creating '/Equipment/AMC1300/Settings/FC7-05/Right Trigger Output/Trigger Type 22: Width' in 'root'
16:30:41.195 2023/06/05 [ODBEdit,ERROR] [odb.cxx:3416:db_create_key,ERROR] online database full while creating '/Equipment/AMC1300/Settings/FC7-05/Right Trigger Output/Trigger Type 22: Delay (ns)' in 'root'
16:30:41.195 2023/06/05 [ODBEdit,ERROR] [odb.cxx:3416:db_create_key,ERROR] online database full while creating '/Equipment/AMC1300/Settings/FC7-05/Right Trigger Output/Trigger Type 23: Width' in 'root'
16:30:41.195 2023/06/05 [ODBEdit,ERROR] [odb.cxx:3416:db_create_key,ERROR] online database full while creating '/Equipment/AMC1300/Settings/FC7-05/Right Trigger Output/Trigger Type 23: Delay (ns)' in 'root'
16:30:41.195 2023/06/05 [ODBEdit,ERROR] [odb.cxx:3416:db_create_key,ERROR] online database full while creating '/Equipment/AMC1300/Settings/FC7-05/Right Trigger Output/Trigger Type 24: Width' in 'root'
16:30:41.195 2023/06/05 [ODBEdit,ERROR] [odb.cxx:3416:db_create_key,ERROR] online database full while creating '/Equipment/AMC1300/Settings/FC7-05/Right Trigger Output/Trigger Type 24: Delay (ns)' in 'root'
16:30:41.195 2023/06/05 [ODBEdit,ERROR] [odb.cxx:3416:db_create_key,ERROR] online database full while creating '/Equipment/AMC1300/Settings/FC7-05/Right Trigger Output/Trigger Type 25: Width' in 'root'
16:30:41.195 2023/06/05 [ODBEdit,ERROR] [odb.cxx:3416:db_create_key,ERROR] online database full while creating '/Equipment/AMC1300/Settings/FC7-05/Right Trigger Output/Trigger Type 25: Delay (ns)' in 'root'
16:30:41.195 2023/06/05 [ODBEdit,ERROR] [odb.cxx:3416:db_create_key,ERROR] online database full while creating '/Equipment/AMC1300/Settings/FC7-05/Right Trigger Output/Trigger Type 26: Width' in 'root'
16:30:41.195 2023/06/05 [ODBEdit,ERROR] [odb.cxx:3416:db_create_key,ERROR] online database full while creating '/Equipment/AMC1300/Settings/FC7-05/Right Trigger Output/Trigger Type 26: Delay (ns)' in 'root'
16:30:41.195 2023/06/05 [ODBEdit,ERROR] [odb.cxx:3416:db_create_key,ERROR] online database full while creating '/Equipment/AMC1300/Settings/FC7-05/Right Trigger Output/Trigger Type 27: Width' in 'root'
16:30:41.195 2023/06/05 [ODBEdit,ERROR] [odb.cxx:3416:db_create_key,ERROR] online database full while creating '/Equipment/AMC1300/Settings/FC7-05/Right Trigger Output/Trigger Type 27: Delay (ns)' in 'root'
16:30:41.195 2023/06/05 [ODBEdit,ERROR] [odb.cxx:3416:db_create_key,ERROR] online database full while creating '/Equipment/AMC1300/Settings/FC7-05/Right Trigger Output/Trigger Type 28: Width' in 'root'
16:30:41.195 2023/06/05 [ODBEdit,ERROR] [odb.cxx:3416:db_create_key,ERROR] online database full while creating '/Equipment/AMC1300/Settings/FC7-05/Right Trigger Output/Trigger Type 28: Delay (ns)' in 'root'
16:30:41.195 2023/06/05 [ODBEdit,ERROR] [odb.cxx:3416:db_create_key,ERROR] online database full while creating '/Equipment/AMC1300/Settings/FC7-05/Right Trigger Output/Trigger Type 29: Width' in 'root'
16:30:41.195 2023/06/05 [ODBEdit,ERROR] [odb.cxx:3416:db_create_key,ERROR] online database full while creating '/Equipment/AMC1300/Settings/FC7-05/Right Trigger Output/Trigger Type 29: Delay (ns)' in 'root'
16:30:41.195 2023/06/05 [ODBEdit,ERROR] [odb.cxx:3416:db_create_key,ERROR] online database full while creating '/Equipment/AMC1300/Settings/FC7-05/Right Trigger Output/Trigger Type 30: Width' in 'root'
16:30:41.195 2023/06/05 [ODBEdit,ERROR] [odb.cxx:3416:db_create_key,ERROR] online database full while creating '/Equipment/AMC1300/Settings/FC7-05/Right Trigger Output/Trigger Type 30: Delay (ns)' in 'root'
16:30:41.195 2023/06/05 [ODBEdit,ERROR] [odb.cxx:3416:db_create_key,ERROR] online database full while creating '/Equipment/AMC1300/Settings/FC7-05/Right Trigger Output/Trigger Type 31: Width' in 'root'
16:43:22.237 2023/06/05 [ODBEdit,ERROR] [odb.cxx:3416:db_create_key,ERROR] online database full while creating 'unknown' in '/System/Buffers/SYSMSG/Clients'
16:45:55.270 2023/06/05 [ODBEdit,ERROR] [odb.cxx:3416:db_create_key,ERROR] online database full while creating 'unknown' in '/System/Buffers/SYSMSG/Clients'
16:47:41.662 2023/06/05 [ODBEdit,ERROR] [odb.cxx:3416:db_create_key,ERROR] online database full while creating 'unknown' in '/System/Buffers/SYSMSG/Clients'
17:10:16.001 2023/06/05 [ODBEdit,ERROR] [odb.cxx:3416:db_create_key,ERROR] online database full while creating 'unknown' in '/System/Buffers/SYSMSG/Clients'
17:20:28.177 2023/06/05 [ODBEdit,ERROR] [odb.cxx:3416:db_create_key,ERROR] online database full while creating 'unknown' in '/System/Buffers/SYSMSG/Clients'
17:32:56.008 2023/06/05 [ODBEdit,ERROR] [odb.cxx:3416:db_create_key,ERROR] online database full while creating '/Equipment/AMC1300/Settings/FC7-04/Right Trigger Output/Trigger Type 23: Delay (ns)' in 'root'
17:32:56.008 2023/06/05 [ODBEdit,ERROR] [odb.cxx:3416:db_create_key,ERROR] online database full while creating '/Equipment/AMC1300/Settings/FC7-04/Right Trigger Output/Trigger Type 24: Width' in 'root'
17:32:56.008 2023/06/05 [ODBEdit,ERROR] [odb.cxx:3416:db_create_key,ERROR] online database full while creating '/Equipment/AMC1300/Settings/FC7-04/Right Trigger Output/Trigger Type 24: Delay (ns)' in 'root'
17:32:56.009 2023/06/05 [ODBEdit,ERROR] [odb.cxx:3416:db_create_key,ERROR] online database full while creating '/Equipment/AMC1300/Settings/FC7-04/Right Trigger Output/Trigger Type 25: Width' in 'root'
17:32:56.009 2023/06/05 [ODBEdit,ERROR] [odb.cxx:3416:db_create_key,ERROR] online database full while creating '/Equipment/AMC1300/Settings/FC7-04/Right Trigger Output/Trigger Type 25: Delay (ns)' in 'root'
17:32:56.009 2023/06/05 [ODBEdit,ERROR] [odb.cxx:3416:db_create_key,ERROR] online database full while creating '/Equipment/AMC1300/Settings/FC7-04/Right Trigger Output/Trigger Type 26: Width' in 'root'
17:32:56.009 2023/06/05 [ODBEdit,ERROR] [odb.cxx:3416:db_create_key,ERROR] online database full while creating '/Equipment/AMC1300/Settings/FC7-04/Right Trigger Output/Trigger Type 26: Delay (ns)' in 'root'
17:32:56.009 2023/06/05 [ODBEdit,ERROR] [odb.cxx:3416:db_create_key,ERROR] online database full while creating '/Equipment/AMC1300/Settings/FC7-04/Right Trigger Output/Trigger Type 27: Width' in 'root'
17:32:56.009 2023/06/05 [ODBEdit,ERROR] [odb.cxx:3416:db_create_key,ERROR] online database full while creating '/Equipment/AMC1300/Settings/FC7-04/Right Trigger Output/Trigger Type 27: Delay (ns)' in 'root'
17:32:56.009 2023/06/05 [ODBEdit,ERROR] [odb.cxx:3416:db_create_key,ERROR] online database full while creating '/Equipment/AMC1300/Settings/FC7-04/Right Trigger Output/Trigger Type 28: Width' in 'root'
17:32:56.009 2023/06/05 [ODBEdit,ERROR] [odb.cxx:3416:db_create_key,ERROR] online database full while creating '/Equipment/AMC1300/Settings/FC7-04/Right Trigger Output/Trigger Type 28: Delay (ns)' in 'root'
17:32:56.009 2023/06/05 [ODBEdit,ERROR] [odb.cxx:3416:db_create_key,ERROR] online database full while creating '/Equipment/AMC1300/Settings/FC7-04/Right Trigger Output/Trigger Type 29: Width' in 'root'
17:32:56.009 2023/06/05 [ODBEdit,ERROR] [odb.cxx:3416:db_create_key,ERROR] online database full while creating '/Equipment/AMC1300/Settings/FC7-04/Right Trigger Output/Trigger Type 29: Delay (ns)' in 'root'
17:32:56.009 2023/06/05 [ODBEdit,ERROR] [odb.cxx:3416:db_create_key,ERROR] online database full while creating '/Equipment/AMC1300/Settings/FC7-04/Right Trigger Output/Trigger Type 30: Width' in 'root'
17:32:56.009 2023/06/05 [ODBEdit,ERROR] [odb.cxx:3416:db_create_key,ERROR] online database full while creating '/Equipment/AMC1300/Settings/FC7-04/Right Trigger Output/Trigger Type 30: Delay (ns)' in 'root'
17:32:56.009 2023/06/05 [ODBEdit,ERROR] [odb.cxx:3416:db_create_key,ERROR] online database full while creating '/Equipment/AMC1300/Settings/FC7-04/Right Trigger Output/Trigger Type 31: Width' in 'root'
17:32:56.009 2023/06/05 [ODBEdit,ERROR] [odb.cxx:3416:db_create_key,ERROR] online database full while creating '/Equipment/AMC1300/Settings/FC7-04/Right Trigger Output/Trigger Type 31: Delay (ns)' in 'root'
17:32:56.009 2023/06/05 [ODBEdit,ERROR] [odb.cxx:3416:db_create_key,ERROR] online database full while creating '/Equipment/AMC1300/Settings/FC7-05/Common/Enabled' in 'root'
17:32:56.009 2023/06/05 [ODBEdit,ERROR] [odb.cxx:3416:db_create_key,ERROR] online database full while creating '/Equipment/AMC1300/Settings/FC7-05/Common/Frontend Configuration Enabled' in 'root'
17:32:56.009 2023/06/05 [ODBEdit,ERROR] [odb.cxx:3416:db_create_key,ERROR] online database full while creating '/Equipment/AMC1300/Settings/FC7-05/Common/Address Table Location' in 'root'
17:32:56.009 2023/06/05 [ODBEdit,ERROR] [odb.cxx:3416:db_create_key,ERROR] online database full while creating '/Equipment/AMC1300/Settings/FC7-05/Common/Board (encoder,fanout,trigger)' in 'root'
17:32:56.009 2023/06/05 [ODBEdit,ERROR] [odb.cxx:3416:db_create_key,ERROR] online database full while creating '/Equipment/AMC1300/Settings/FC7-05/Common/FPGA Firmware Version Required' in 'root'
17:32:56.009 2023/06/05 [ODBEdit,ERROR] [odb.cxx:3416:db_create_key,ERROR] online database full while creating '/Equipment/AMC1300/Settings/FC7-05/Common/Threshold: TTC Single-Bit Error' in 'root'
17:32:56.009 2023/06/05 [ODBEdit,ERROR] [odb.cxx:3416:db_create_key,ERROR] online database full while creating '/Equipment/AMC1300/Settings/FC7-05/Common/Threshold: TTC Multi-Bit Error' in 'root'
17:32:56.009 2023/06/05 [ODBEdit,ERROR] [odb.cxx:3416:db_create_key,ERROR] online database full while creating '/Equipment/AMC1300/Settings/FC7-05/Common/TTS Lock: Total Length' in 'root'
17:32:56.009 2023/06/05 [ODBEdit,ERROR] [odb.cxx:3416:db_create_key,ERROR] online database full while creating '/Equipment/AMC1300/Settings/FC7-05/Common/TTS Lock: Valid Length' in 'root'
17:32:56.009 2023/06/05 [ODBEdit,ERROR] [odb.cxx:3416:db_create_key,ERROR] online database full while creating '/Equipment/AMC1300/Settings/FC7-05/Encoder/WFD5 Async Mode Enabled' in 'root'
17:32:56.009 2023/06/05 [ODBEdit,ERROR] [odb.cxx:3416:db_create_key,ERROR] online database full while creating '/Equipment/AMC1300/Settings/FC7-05/Encoder/Threshold: Client Overflow' in 'root'
17:32:56.009 2023/06/05 [ODBEdit,ERROR] [odb.cxx:3416:db_create_key,ERROR] online database full while creating '/Equipment/AMC1300/Settings/FC7-05/Encoder/Threshold: Cycle Start Gap' in 'root'
17:32:56.009 2023/06/05 [ODBEdit,ERROR] [odb.cxx:3416:db_create_key,ERROR] online database full while creating '/Equipment/AMC1300/Settings/FC7-05/Encoder/Input Trigger Select' in 'root'
17:32:56.009 2023/06/05 [ODBEdit,ERROR] [odb.cxx:3416:db_create_key,ERROR] online database full while creating '/Equipment/AMC1300/Settings/FC7-05/Encoder/Post-Reset Delay: Trigger Count' in 'root'
17:32:56.009 2023/06/05 [ODBEdit,ERROR] [odb.cxx:3416:db_create_key,ERROR] online database full while creating '/Equipment/AMC1300/Settings/FC7-05/Encoder/Post-Reset Delay: Timestamp' in 'root'
17:32:56.009 2023/06/05 [ODBEdit,ERROR] [odb.cxx:3416:db_create_key,ERROR] online database full while creating '/Equipment/AMC1300/Settings/FC7-05/Trigger/In-fill Laser Prescale' in 'root'
17:32:56.009 2023/06/05 [ODBEdit,ERROR] [odb.cxx:3416:db_create_key,ERROR] online database full while creating '/Equipment/AMC1300/Settings/FC7-05/Trigger/Fills per supercyc (0->8 1->16)' in 'root'
17:32:56.009 2023/06/05 [ODBEdit,ERROR] [odb.cxx:3416:db_create_key,ERROR] online database full while creating '/Equipment/AMC1300/Settings/FC7-05/Trigger/Internal fallover thresh (msec)' in 'root'
17:32:56.009 2023/06/05 [ODBEdit,ERROR] [odb.cxx:3416:db_create_key,ERROR] online database full while creating '/Equipment/AMC1300/Settings/FC7-05/Trigger/Safety discharge time (msec)' in 'root'
17:32:56.009 2023/06/05 [ODBEdit,ERROR] [odb.cxx:3416:db_create_key,ERROR] online database full while creating '/Equipment/AMC1300/Settings/FC7-05/Trigger/Kicker chg trig deadtime (msec)' in 'root'
17:32:56.009 2023/06/05 [ODBEdit,ERROR] [odb.cxx:3416:db_create_key,ERROR] online database full while creating '/Equipment/AMC1300/Settings/FC7-05/Trigger/Quad T9 trig delay (25 ns tiks)' in 'root'
17:32:56.009 2023/06/05 [ODBEdit,ERROR] [odb.cxx:3416:db_create_key,ERROR] online database full while creating '/Equipment/AMC1300/Settings/FC7-05/Trigger/Quad t9 trig width (25 ns tiks)' in 'root'
17:32:56.009 2023/06/05 [ODBEdit,ERROR] [odb.cxx:3416:db_create_key,ERROR] online database full while creating '/Equipment/AMC1300/Settings/FC7-05/Trigger/Quad T9 trigger enabled' in 'root'
17:32:56.009 2023/06/05 [ODBEdit,ERROR] [odb.cxx:3416:db_create_key,ERROR] online database full while creating '/Equipment/AMC1300/Settings/FC7-05/Trigger/Quad A6 trigger enabled' in 'root'
17:32:56.009 2023/06/05 [ODBEdit,ERROR] [odb.cxx:3416:db_create_key,ERROR] online database full while creating '/Equipment/AMC1300/Settings/FC7-05/Left Trigger Output/Pulse Width: Short (ns)' in 'root'
17:32:56.010 2023/06/05 [ODBEdit,ERROR] [odb.cxx:3416:db_create_key,ERROR] online database full while creating '/Equipment/AMC1300/Settings/FC7-05/Left Trigger Output/Pulse Width: Long (ns)' in 'root'
17:32:56.010 2023/06/05 [ODBEdit,ERROR] [odb.cxx:3416:db_create_key,ERROR] online database full while creating '/Equipment/AMC1300/Settings/FC7-05/Left Trigger Output/Trigger Type 00: Width' in 'root'
17:32:56.010 2023/06/05 [ODBEdit,ERROR] [odb.cxx:3416:db_create_key,ERROR] online database full while creating '/Equipment/AMC1300/Settings/FC7-05/Left Trigger Output/Trigger Type 00: Delay (ns)' in 'root'
17:32:56.010 2023/06/05 [ODBEdit,ERROR] [odb.cxx:3416:db_create_key,ERROR] online database full while creating '/Equipment/AMC1300/Settings/FC7-05/Left Trigger Output/Trigger Type 01: Width' in 'root'
17:32:56.010 2023/06/05 [ODBEdit,ERROR] [odb.cxx:3416:db_create_key,ERROR] online database full while creating '/Equipment/AMC1300/Settings/FC7-05/Left Trigger Output/Trigger Type 01: Delay (ns)' in 'root'
17:32:56.010 2023/06/05 [ODBEdit,ERROR] [odb.cxx:3416:db_create_key,ERROR] online database full while creating '/Equipment/AMC1300/Settings/FC7-05/Left Trigger Output/Trigger Type 02: Width' in 'root'
17:32:56.010 2023/06/05 [ODBEdit,ERROR] [odb.cxx:3416:db_create_key,ERROR] online database full while creating '/Equipment/AMC1300/Settings/FC7-05/Left Trigger Output/Trigger Type 02: Delay (ns)' in 'root'
17:32:56.010 2023/06/05 [ODBEdit,ERROR] [odb.cxx:3416:db_create_key,ERROR] online database full while creating '/Equipment/AMC1300/Settings/FC7-05/Left Trigger Output/Trigger Type 03: Width' in 'root'
17:32:56.010 2023/06/05 [ODBEdit,ERROR] [odb.cxx:3416:db_create_key,ERROR] online database full while creating '/Equipment/AMC1300/Settings/FC7-05/Left Trigger Output/Trigger Type 03: Delay (ns)' in 'root'
17:32:56.010 2023/06/05 [ODBEdit,ERROR] [odb.cxx:3416:db_create_key,ERROR] online database full while creating '/Equipment/AMC1300/Settings/FC7-05/Left Trigger Output/Trigger Type 04: Width' in 'root'
17:32:56.010 2023/06/05 [ODBEdit,ERROR] [odb.cxx:3416:db_create_key,ERROR] online database full while creating '/Equipment/AMC1300/Settings/FC7-05/Left Trigger Output/Trigger Type 04: Delay (ns)' in 'root'
17:32:56.010 2023/06/05 [ODBEdit,ERROR] [odb.cxx:3416:db_create_key,ERROR] online database full while creating '/Equipment/AMC1300/Settings/FC7-05/Left Trigger Output/Trigger Type 05: Width' in 'root'
17:32:56.010 2023/06/05 [ODBEdit,ERROR] [odb.cxx:3416:db_create_key,ERROR] online database full while creating '/Equipment/AMC1300/Settings/FC7-05/Left Trigger Output/Trigger Type 05: Delay (ns)' in 'root'
17:32:56.010 2023/06/05 [ODBEdit,ERROR] [odb.cxx:3416:db_create_key,ERROR] online database full while creating '/Equipment/AMC1300/Settings/FC7-05/Left Trigger Output/Trigger Type 06: Width' in 'root'
17:32:56.010 2023/06/05 [ODBEdit,ERROR] [odb.cxx:3416:db_create_key,ERROR] online database full while creating '/Equipment/AMC1300/Settings/FC7-05/Left Trigger Output/Trigger Type 06: Delay (ns)' in 'root'
17:32:56.010 2023/06/05 [ODBEdit,ERROR] [odb.cxx:3416:db_create_key,ERROR] online database full while creating '/Equipment/AMC1300/Settings/FC7-05/Left Trigger Output/Trigger Type 07: Width' in 'root'
17:32:56.010 2023/06/05 [ODBEdit,ERROR] [odb.cxx:3416:db_create_key,ERROR] online database full while creating '/Equipment/AMC1300/Settings/FC7-05/Left Trigger Output/Trigger Type 07: Delay (ns)' in 'root'
17:32:56.010 2023/06/05 [ODBEdit,ERROR] [odb.cxx:3416:db_create_key,ERROR] online database full while creating '/Equipment/AMC1300/Settings/FC7-05/Left Trigger Output/Trigger Type 08: Width' in 'root'
17:32:56.010 2023/06/05 [ODBEdit,ERROR] [odb.cxx:3416:db_create_key,ERROR] online database full while creating '/Equipment/AMC1300/Settings/FC7-05/Left Trigger Output/Trigger Type 08: Delay (ns)' in 'root'
17:32:56.010 2023/06/05 [ODBEdit,ERROR] [odb.cxx:3416:db_create_key,ERROR] online database full while creating '/Equipment/AMC1300/Settings/FC7-05/Left Trigger Output/Trigger Type 09: Width' in 'root'
17:32:56.010 2023/06/05 [ODBEdit,ERROR] [odb.cxx:3416:db_create_key,ERROR] online database full while creating '/Equipment/AMC1300/Settings/FC7-05/Left Trigger Output/Trigger Type 09: Delay (ns)' in 'root'
17:32:56.010 2023/06/05 [ODBEdit,ERROR] [odb.cxx:3416:db_create_key,ERROR] online database full while creating '/Equipment/AMC1300/Settings/FC7-05/Left Trigger Output/Trigger Type 10: Width' in 'root'
17:32:56.010 2023/06/05 [ODBEdit,ERROR] [odb.cxx:3416:db_create_key,ERROR] online database full while creating '/Equipment/AMC1300/Settings/FC7-05/Left Trigger Output/Trigger Type 10: Delay (ns)' in 'root'
17:32:56.010 2023/06/05 [ODBEdit,ERROR] [odb.cxx:3416:db_create_key,ERROR] online database full while creating '/Equipment/AMC1300/Settings/FC7-05/Left Trigger Output/Trigger Type 11: Width' in 'root'
17:32:56.010 2023/06/05 [ODBEdit,ERROR] [odb.cxx:3416:db_create_key,ERROR] online database full while creating '/Equipment/AMC1300/Settings/FC7-05/Left Trigger Output/Trigger Type 11: Delay (ns)' in 'root'
17:32:56.010 2023/06/05 [ODBEdit,ERROR] [odb.cxx:3416:db_create_key,ERROR] online database full while creating '/Equipment/AMC1300/Settings/FC7-05/Left Trigger Output/Trigger Type 12: Width' in 'root'
17:32:56.010 2023/06/05 [ODBEdit,ERROR] [odb.cxx:3416:db_create_key,ERROR] online database full while creating '/Equipment/AMC1300/Settings/FC7-05/Left Trigger Output/Trigger Type 12: Delay (ns)' in 'root'
17:32:56.010 2023/06/05 [ODBEdit,ERROR] [odb.cxx:3416:db_create_key,ERROR] online database full while creating '/Equipment/AMC1300/Settings/FC7-05/Left Trigger Output/Trigger Type 13: Width' in 'root'
17:32:56.010 2023/06/05 [ODBEdit,ERROR] [odb.cxx:3416:db_create_key,ERROR] online database full while creating '/Equipment/AMC1300/Settings/FC7-05/Left Trigger Output/Trigger Type 13: Delay (ns)' in 'root'
17:32:56.010 2023/06/05 [ODBEdit,ERROR] [odb.cxx:3416:db_create_key,ERROR] online database full while creating '/Equipment/AMC1300/Settings/FC7-05/Left Trigger Output/Trigger Type 14: Width' in 'root'
17:32:56.010 2023/06/05 [ODBEdit,ERROR] [odb.cxx:3416:db_create_key,ERROR] online database full while creating '/Equipment/AMC1300/Settings/FC7-05/Left Trigger Output/Trigger Type 14: Delay (ns)' in 'root'
17:32:56.010 2023/06/05 [ODBEdit,ERROR] [odb.cxx:3416:db_create_key,ERROR] online database full while creating '/Equipment/AMC1300/Settings/FC7-05/Left Trigger Output/Trigger Type 15: Width' in 'root'
17:32:56.010 2023/06/05 [ODBEdit,ERROR] [odb.cxx:3416:db_create_key,ERROR] online database full while creating '/Equipment/AMC1300/Settings/FC7-05/Left Trigger Output/Trigger Type 15: Delay (ns)' in 'root'
17:32:56.010 2023/06/05 [ODBEdit,ERROR] [odb.cxx:3416:db_create_key,ERROR] online database full while creating '/Equipment/AMC1300/Settings/FC7-05/Left Trigger Output/Trigger Type 16: Width' in 'root'
17:32:56.010 2023/06/05 [ODBEdit,ERROR] [odb.cxx:3416:db_create_key,ERROR] online database full while creating '/Equipment/AMC1300/Settings/FC7-05/Left Trigger Output/Trigger Type 16: Delay (ns)' in 'root'
17:32:56.010 2023/06/05 [ODBEdit,ERROR] [odb.cxx:3416:db_create_key,ERROR] online database full while creating '/Equipment/AMC1300/Settings/FC7-05/Left Trigger Output/Trigger Type 17: Width' in 'root'
17:32:56.010 2023/06/05 [ODBEdit,ERROR] [odb.cxx:3416:db_create_key,ERROR] online database full while creating '/Equipment/AMC1300/Settings/FC7-05/Left Trigger Output/Trigger Type 17: Delay (ns)' in 'root'
17:32:56.010 2023/06/05 [ODBEdit,ERROR] [odb.cxx:3416:db_create_key,ERROR] online database full while creating '/Equipment/AMC1300/Settings/FC7-05/Left Trigger Output/Trigger Type 18: Width' in 'root'
17:32:56.010 2023/06/05 [ODBEdit,ERROR] [odb.cxx:3416:db_create_key,ERROR] online database full while creating '/Equipment/AMC1300/Settings/FC7-05/Left Trigger Output/Trigger Type 18: Delay (ns)' in 'root'
17:32:56.010 2023/06/05 [ODBEdit,ERROR] [odb.cxx:3416:db_create_key,ERROR] online database full while creating '/Equipment/AMC1300/Settings/FC7-05/Left Trigger Output/Trigger Type 19: Width' in 'root'
17:32:56.010 2023/06/05 [ODBEdit,ERROR] [odb.cxx:3416:db_create_key,ERROR] online database full while creating '/Equipment/AMC1300/Settings/FC7-05/Left Trigger Output/Trigger Type 19: Delay (ns)' in 'root'
17:32:56.010 2023/06/05 [ODBEdit,ERROR] [odb.cxx:3416:db_create_key,ERROR] online database full while creating '/Equipment/AMC1300/Settings/FC7-05/Left Trigger Output/Trigger Type 20: Width' in 'root'
17:32:56.011 2023/06/05 [ODBEdit,ERROR] [odb.cxx:3416:db_create_key,ERROR] online database full while creating '/Equipment/AMC1300/Settings/FC7-05/Left Trigger Output/Trigger Type 20: Delay (ns)' in 'root'
17:32:56.011 2023/06/05 [ODBEdit,ERROR] [odb.cxx:3416:db_create_key,ERROR] online database full while creating '/Equipment/AMC1300/Settings/FC7-05/Left Trigger Output/Trigger Type 21: Width' in 'root'
17:32:56.011 2023/06/05 [ODBEdit,ERROR] [odb.cxx:3416:db_create_key,ERROR] online database full while creating '/Equipment/AMC1300/Settings/FC7-05/Left Trigger Output/Trigger Type 21: Delay (ns)' in 'root'
17:32:56.011 2023/06/05 [ODBEdit,ERROR] [odb.cxx:3416:db_create_key,ERROR] online database full while creating '/Equipment/AMC1300/Settings/FC7-05/Left Trigger Output/Trigger Type 22: Width' in 'root'
17:32:56.011 2023/06/05 [ODBEdit,ERROR] [odb.cxx:3416:db_create_key,ERROR] online database full while creating '/Equipment/AMC1300/Settings/FC7-05/Left Trigger Output/Trigger Type 22: Delay (ns)' in 'root'
17:32:56.011 2023/06/05 [ODBEdit,ERROR] [odb.cxx:3416:db_create_key,ERROR] online database full while creating '/Equipment/AMC1300/Settings/FC7-05/Left Trigger Output/Trigger Type 23: Width' in 'root'
17:32:56.011 2023/06/05 [ODBEdit,ERROR] [odb.cxx:3416:db_create_key,ERROR] online database full while creating '/Equipment/AMC1300/Settings/FC7-05/Left Trigger Output/Trigger Type 23: Delay (ns)' in 'root'
17:32:56.011 2023/06/05 [ODBEdit,ERROR] [odb.cxx:3416:db_create_key,ERROR] online database full while creating '/Equipment/AMC1300/Settings/FC7-05/Left Trigger Output/Trigger Type 24: Width' in 'root'
17:32:56.011 2023/06/05 [ODBEdit,ERROR] [odb.cxx:3416:db_create_key,ERROR] online database full while creating '/Equipment/AMC1300/Settings/FC7-05/Left Trigger Output/Trigger Type 24: Delay (ns)' in 'root'
17:32:56.011 2023/06/05 [ODBEdit,ERROR] [odb.cxx:3416:db_create_key,ERROR] online database full while creating '/Equipment/AMC1300/Settings/FC7-05/Left Trigger Output/Trigger Type 25: Width' in 'root'
17:32:56.011 2023/06/05 [ODBEdit,ERROR] [odb.cxx:3416:db_create_key,ERROR] online database full while creating '/Equipment/AMC1300/Settings/FC7-05/Left Trigger Output/Trigger Type 25: Delay (ns)' in 'root'
17:32:56.011 2023/06/05 [ODBEdit,ERROR] [odb.cxx:3416:db_create_key,ERROR] online database full while creating '/Equipment/AMC1300/Settings/FC7-05/Left Trigger Output/Trigger Type 26: Width' in 'root'
17:32:56.011 2023/06/05 [ODBEdit,ERROR] [odb.cxx:3416:db_create_key,ERROR] online database full while creating '/Equipment/AMC1300/Settings/FC7-05/Left Trigger Output/Trigger Type 26: Delay (ns)' in 'root'
17:32:56.011 2023/06/05 [ODBEdit,ERROR] [odb.cxx:3416:db_create_key,ERROR] online database full while creating '/Equipment/AMC1300/Settings/FC7-05/Left Trigger Output/Trigger Type 27: Width' in 'root'
17:32:56.011 2023/06/05 [ODBEdit,ERROR] [odb.cxx:3416:db_create_key,ERROR] online database full while creating '/Equipment/AMC1300/Settings/FC7-05/Left Trigger Output/Trigger Type 27: Delay (ns)' in 'root'
17:32:56.011 2023/06/05 [ODBEdit,ERROR] [odb.cxx:3416:db_create_key,ERROR] online database full while creating '/Equipment/AMC1300/Settings/FC7-05/Left Trigger Output/Trigger Type 28: Width' in 'root'
17:36:20.529 2023/06/05 [AMC13,ERROR] [odb.cxx:3460:db_create_key,ERROR] online database full while creating 'bytes_used' in '/System/Buffers/SYSMSG/Clients/AMC13'
17:36:20.529 2023/06/05 [AMC13,ERROR] [odb.cxx:3460:db_create_key,ERROR] online database full while creating 'pct_used' in '/System/Buffers/SYSMSG/Clients/AMC13'
17:36:20.529 2023/06/05 [AMC13,ERROR] [odb.cxx:3460:db_create_key,ERROR] online database full while creating 'last_updated' in '/System/Buffers/SYSMSG/Clients/AMC13'
